{"/home/darkmagic/bigschool/TFM/tfm-nutre-fit-dia/src/App.tsx": {"path":"/home/darkmagic/bigschool/TFM/tfm-nutre-fit-dia/src/App.tsx","statementMap":{"0":{"start":{"line":10,"column":62},"end":{"line":15,"column":null}},"1":{"start":{"line":18,"column":24},"end":{"line":18,"column":null}},"2":{"start":{"line":20,"column":23},"end":{"line":30,"column":null}},"3":{"start":{"line":21,"column":4},"end":{"line":21,"column":null}},"4":{"start":{"line":21,"column":44},"end":{"line":21,"column":null}},"5":{"start":{"line":22,"column":25},"end":{"line":22,"column":null}},"6":{"start":{"line":22,"column":45},"end":{"line":22,"column":57}},"7":{"start":{"line":23,"column":4},"end":{"line":29,"column":null}},"8":{"start":{"line":24,"column":6},"end":{"line":24,"column":null}},"9":{"start":{"line":25,"column":6},"end":{"line":25,"column":null}},"10":{"start":{"line":26,"column":11},"end":{"line":29,"column":null}},"11":{"start":{"line":27,"column":6},"end":{"line":27,"column":null}},"12":{"start":{"line":28,"column":6},"end":{"line":28,"column":null}},"13":{"start":{"line":32,"column":2},"end":{"line":35,"column":null}},"14":{"start":{"line":33,"column":4},"end":{"line":33,"column":null}},"15":{"start":{"line":34,"column":4},"end":{"line":34,"column":null}},"16":{"start":{"line":34,"column":17},"end":{"line":34,"column":null}},"17":{"start":{"line":37,"column":2},"end":{"line":89,"column":null}},"18":{"start":{"line":50,"column":12},"end":{"line":57,"column":null}},"19":{"start":{"line":53,"column":29},"end":{"line":53,"column":null}}},"fnMap":{"0":{"name":"App","decl":{"start":{"line":17,"column":24},"end":{"line":17,"column":30}},"loc":{"start":{"line":17,"column":30},"end":{"line":91,"column":null}},"line":17},"1":{"name":"(anonymous_1)","decl":{"start":{"line":20,"column":23},"end":{"line":20,"column":36}},"loc":{"start":{"line":20,"column":57},"end":{"line":30,"column":5}},"line":20},"2":{"name":"(anonymous_2)","decl":{"start":{"line":22,"column":30},"end":{"line":22,"column":40}},"loc":{"start":{"line":22,"column":45},"end":{"line":22,"column":57}},"line":22},"3":{"name":"(anonymous_3)","decl":{"start":{"line":32,"column":2},"end":{"line":32,"column":18}},"loc":{"start":{"line":32,"column":18},"end":{"line":35,"column":5}},"line":32},"4":{"name":"(anonymous_4)","decl":{"start":{"line":34,"column":4},"end":{"line":34,"column":17}},"loc":{"start":{"line":34,"column":17},"end":{"line":34,"column":null}},"line":34},"5":{"name":"(anonymous_5)","decl":{"start":{"line":49,"column":16},"end":{"line":49,"column":20}},"loc":{"start":{"line":50,"column":12},"end":{"line":57,"column":null}},"line":50},"6":{"name":"(anonymous_6)","decl":{"start":{"line":53,"column":14},"end":{"line":53,"column":29}},"loc":{"start":{"line":53,"column":29},"end":{"line":53,"column":null}},"line":53}},"branchMap":{"0":{"loc":{"start":{"line":21,"column":4},"end":{"line":21,"column":null}},"type":"if","locations":[{"start":{"line":21,"column":4},"end":{"line":21,"column":null}},{"start":{},"end":{}}],"line":21},"1":{"loc":{"start":{"line":21,"column":8},"end":{"line":21,"column":44}},"type":"binary-expr","locations":[{"start":{"line":21,"column":8},"end":{"line":21,"column":20}},{"start":{"line":21,"column":20},"end":{"line":21,"column":33}},{"start":{"line":21,"column":33},"end":{"line":21,"column":44}}],"line":21},"2":{"loc":{"start":{"line":23,"column":4},"end":{"line":29,"column":null}},"type":"if","locations":[{"start":{"line":23,"column":4},"end":{"line":29,"column":null}},{"start":{"line":26,"column":11},"end":{"line":29,"column":null}}],"line":23},"3":{"loc":{"start":{"line":26,"column":11},"end":{"line":29,"column":null}},"type":"if","locations":[{"start":{"line":26,"column":11},"end":{"line":29,"column":null}},{"start":{},"end":{}}],"line":26},"4":{"loc":{"start":{"line":67,"column":11},"end":{"line":67,"column":null}},"type":"binary-expr","locations":[{"start":{"line":67,"column":11},"end":{"line":67,"column":32}},{"start":{"line":67,"column":32},"end":{"line":67,"column":null}}],"line":67},"5":{"loc":{"start":{"line":70,"column":11},"end":{"line":70,"column":null}},"type":"binary-expr","locations":[{"start":{"line":70,"column":11},"end":{"line":70,"column":28}},{"start":{"line":70,"column":28},"end":{"line":70,"column":null}}],"line":70},"6":{"loc":{"start":{"line":73,"column":11},"end":{"line":73,"column":null}},"type":"binary-expr","locations":[{"start":{"line":73,"column":11},"end":{"line":73,"column":34}},{"start":{"line":73,"column":34},"end":{"line":73,"column":null}}],"line":73},"7":{"loc":{"start":{"line":76,"column":11},"end":{"line":76,"column":null}},"type":"binary-expr","locations":[{"start":{"line":76,"column":11},"end":{"line":76,"column":29}},{"start":{"line":76,"column":29},"end":{"line":76,"column":null}}],"line":76}},"s":{"0":1,"1":28,"2":28,"3":4,"4":1,"5":3,"6":3,"7":3,"8":1,"9":1,"10":2,"11":1,"12":1,"13":28,"14":28,"15":28,"16":28,"17":28,"18":112,"19":14},"f":{"0":28,"1":4,"2":3,"3":28,"4":28,"5":112,"6":14},"b":{"0":[1,3],"1":[4,4,3],"2":[1,2],"3":[1,1],"4":[28,17],"5":[28,4],"6":[28,4],"7":[28,3]},"meta":{"lastBranch":8,"lastFunction":7,"lastStatement":20,"seen":{"s:10:62:15:Infinity":0,"f:17:24:17:30":0,"s:18:24:18:Infinity":1,"s:20:23:30:Infinity":2,"f:20:23:20:36":1,"b:21:4:21:Infinity:undefined:undefined:undefined:undefined":0,"s:21:4:21:Infinity":3,"b:21:8:21:20:21:20:21:33:21:33:21:44":1,"s:21:44:21:Infinity":4,"s:22:25:22:Infinity":5,"f:22:30:22:40":2,"s:22:45:22:57":6,"b:23:4:29:Infinity:26:11:29:Infinity":2,"s:23:4:29:Infinity":7,"s:24:6:24:Infinity":8,"s:25:6:25:Infinity":9,"b:26:11:29:Infinity:undefined:undefined:undefined:undefined":3,"s:26:11:29:Infinity":10,"s:27:6:27:Infinity":11,"s:28:6:28:Infinity":12,"s:32:2:35:Infinity":13,"f:32:2:32:18":3,"s:33:4:33:Infinity":14,"s:34:4:34:Infinity":15,"f:34:4:34:17":4,"s:34:17:34:Infinity":16,"s:37:2:89:Infinity":17,"f:49:16:49:20":5,"s:50:12:57:Infinity":18,"f:53:14:53:29":6,"s:53:29:53:Infinity":19,"b:67:11:67:32:67:32:67:Infinity":4,"b:70:11:70:28:70:28:70:Infinity":5,"b:73:11:73:34:73:34:73:Infinity":6,"b:76:11:76:29:76:29:76:Infinity":7},"fnNames":{}}}
,"/home/darkmagic/bigschool/TFM/tfm-nutre-fit-dia/src/features/med-diet-validator/DailyLogContainer.tsx": {"path":"/home/darkmagic/bigschool/TFM/tfm-nutre-fit-dia/src/features/med-diet-validator/DailyLogContainer.tsx","statementMap":{"0":{"start":{"line":6,"column":59},"end":{"line":6,"column":71}},"1":{"start":{"line":7,"column":24},"end":{"line":7,"column":null}},"2":{"start":{"line":7,"column":45},"end":{"line":7,"column":60}},"3":{"start":{"line":9,"column":20},"end":{"line":9,"column":null}},"4":{"start":{"line":9,"column":48},"end":{"line":9,"column":96}},"5":{"start":{"line":11,"column":25},"end":{"line":17,"column":null}},"6":{"start":{"line":19,"column":2},"end":{"line":26,"column":null}}},"fnMap":{"0":{"name":"DailyLogContainer","decl":{"start":{"line":5,"column":16},"end":{"line":5,"column":36}},"loc":{"start":{"line":5,"column":36},"end":{"line":28,"column":null}},"line":5},"1":{"name":"(anonymous_1)","decl":{"start":{"line":7,"column":24},"end":{"line":7,"column":40}},"loc":{"start":{"line":7,"column":45},"end":{"line":7,"column":60}},"line":7},"2":{"name":"(anonymous_2)","decl":{"start":{"line":9,"column":29},"end":{"line":9,"column":37}},"loc":{"start":{"line":9,"column":48},"end":{"line":9,"column":96}},"line":9}},"branchMap":{"0":{"loc":{"start":{"line":11,"column":25},"end":{"line":17,"column":null}},"type":"cond-expr","locations":[{"start":{"line":12,"column":6},"end":{"line":16,"column":null}},{"start":{"line":17,"column":6},"end":{"line":17,"column":null}}],"line":11}},"s":{"0":5,"1":5,"2":15,"3":5,"4":1,"5":5,"6":5},"f":{"0":5,"1":15,"2":1},"b":{"0":[1,4]},"meta":{"lastBranch":1,"lastFunction":3,"lastStatement":7,"seen":{"f:5:16:5:36":0,"s:6:59:6:71":0,"s:7:24:7:Infinity":1,"f:7:24:7:40":1,"s:7:45:7:60":2,"s:9:20:9:Infinity":3,"f:9:29:9:37":2,"s:9:48:9:96":4,"s:11:25:17:Infinity":5,"b:12:6:16:Infinity:17:6:17:Infinity":0,"s:19:2:26:Infinity":6},"fnNames":{}}}
,"/home/darkmagic/bigschool/TFM/tfm-nutre-fit-dia/src/features/med-diet-validator/DailyLogView.tsx": {"path":"/home/darkmagic/bigschool/TFM/tfm-nutre-fit-dia/src/features/med-diet-validator/DailyLogView.tsx","statementMap":{"0":{"start":{"line":27,"column":2},"end":{"line":91,"column":null}},"1":{"start":{"line":56,"column":12},"end":{"line":68,"column":null}},"2":{"start":{"line":62,"column":31},"end":{"line":62,"column":null}}},"fnMap":{"0":{"name":"DailyLogView","decl":{"start":{"line":20,"column":16},"end":{"line":20,"column":29}},"loc":{"start":{"line":26,"column":22},"end":{"line":93,"column":null}},"line":26},"1":{"name":"(anonymous_1)","decl":{"start":{"line":55,"column":20},"end":{"line":55,"column":25}},"loc":{"start":{"line":56,"column":12},"end":{"line":68,"column":null}},"line":56},"2":{"name":"(anonymous_2)","decl":{"start":{"line":62,"column":16},"end":{"line":62,"column":31}},"loc":{"start":{"line":62,"column":31},"end":{"line":62,"column":null}},"line":62}},"branchMap":{"0":{"loc":{"start":{"line":30,"column":19},"end":{"line":32,"column":null}},"type":"cond-expr","locations":[{"start":{"line":31,"column":10},"end":{"line":31,"column":null}},{"start":{"line":32,"column":10},"end":{"line":32,"column":null}}],"line":30},"1":{"loc":{"start":{"line":31,"column":93},"end":{"line":31,"column":null}},"type":"cond-expr","locations":[{"start":{"line":31,"column":127},"end":{"line":31,"column":173}},{"start":{"line":31,"column":173},"end":{"line":31,"column":null}}],"line":31},"2":{"loc":{"start":{"line":34,"column":7},"end":{"line":42,"column":null}},"type":"binary-expr","locations":[{"start":{"line":34,"column":7},"end":{"line":34,"column":null}},{"start":{"line":35,"column":8},"end":{"line":42,"column":null}}],"line":34},"3":{"loc":{"start":{"line":40,"column":21},"end":{"line":40,"column":null}},"type":"cond-expr","locations":[{"start":{"line":40,"column":56},"end":{"line":40,"column":67}},{"start":{"line":40,"column":67},"end":{"line":40,"column":null}}],"line":40},"4":{"loc":{"start":{"line":45,"column":7},"end":{"line":48,"column":null}},"type":"binary-expr","locations":[{"start":{"line":45,"column":7},"end":{"line":45,"column":null}},{"start":{"line":46,"column":8},"end":{"line":48,"column":null}}],"line":45},"5":{"loc":{"start":{"line":51,"column":7},"end":{"line":70,"column":null}},"type":"cond-expr","locations":[{"start":{"line":52,"column":8},"end":{"line":54,"column":9}},{"start":{"line":54,"column":8},"end":{"line":70,"column":null}}],"line":51},"6":{"loc":{"start":{"line":73,"column":7},"end":{"line":74,"column":null}},"type":"binary-expr","locations":[{"start":{"line":73,"column":7},"end":{"line":73,"column":26}},{"start":{"line":73,"column":26},"end":{"line":73,"column":null}},{"start":{"line":74,"column":8},"end":{"line":74,"column":null}}],"line":73},"7":{"loc":{"start":{"line":77,"column":7},"end":{"line":80,"column":null}},"type":"binary-expr","locations":[{"start":{"line":77,"column":7},"end":{"line":77,"column":33}},{"start":{"line":77,"column":33},"end":{"line":77,"column":null}},{"start":{"line":78,"column":8},"end":{"line":80,"column":null}}],"line":77},"8":{"loc":{"start":{"line":83,"column":7},"end":{"line":89,"column":null}},"type":"binary-expr","locations":[{"start":{"line":83,"column":7},"end":{"line":83,"column":26}},{"start":{"line":83,"column":26},"end":{"line":83,"column":null}},{"start":{"line":84,"column":8},"end":{"line":89,"column":null}}],"line":83}},"s":{"0":5,"1":1,"2":1},"f":{"0":5,"1":1,"2":1},"b":{"0":[1,4],"1":[1,0],"2":[5,1],"3":[0,1],"4":[5,4],"5":[4,1],"6":[5,4,4],"7":[5,0,0],"8":[5,4,0]},"meta":{"lastBranch":9,"lastFunction":3,"lastStatement":3,"seen":{"f:20:16:20:29":0,"s:27:2:91:Infinity":0,"b:31:10:31:Infinity:32:10:32:Infinity":0,"b:31:127:31:173:31:173:31:Infinity":1,"b:34:7:34:Infinity:35:8:42:Infinity":2,"b:40:56:40:67:40:67:40:Infinity":3,"b:45:7:45:Infinity:46:8:48:Infinity":4,"b:52:8:54:9:54:8:70:Infinity":5,"f:55:20:55:25":1,"s:56:12:68:Infinity":1,"f:62:16:62:31":2,"s:62:31:62:Infinity":2,"b:73:7:73:26:73:26:73:Infinity:74:8:74:Infinity":6,"b:77:7:77:33:77:33:77:Infinity:78:8:80:Infinity":7,"b:83:7:83:26:83:26:83:Infinity:84:8:89:Infinity":8},"fnNames":{}}}
,"/home/darkmagic/bigschool/TFM/tfm-nutre-fit-dia/src/features/med-diet-validator/store/index.ts": {"path":"/home/darkmagic/bigschool/TFM/tfm-nutre-fit-dia/src/features/med-diet-validator/store/index.ts","statementMap":{},"fnMap":{},"branchMap":{},"s":{},"f":{},"b":{},"meta":{"lastBranch":0,"lastFunction":0,"lastStatement":0,"seen":{},"fnNames":{}}}
,"/home/darkmagic/bigschool/TFM/tfm-nutre-fit-dia/src/features/med-diet-validator/store/logStore.ts": {"path":"/home/darkmagic/bigschool/TFM/tfm-nutre-fit-dia/src/features/med-diet-validator/store/logStore.ts","statementMap":{"0":{"start":{"line":19,"column":27},"end":{"line":47,"column":null}},"1":{"start":{"line":19,"column":59},"end":{"line":47,"column":2}},"2":{"start":{"line":24,"column":25},"end":{"line":24,"column":null}},"3":{"start":{"line":25,"column":16},"end":{"line":25,"column":null}},"4":{"start":{"line":26,"column":34},"end":{"line":26,"column":null}},"5":{"start":{"line":27,"column":19},"end":{"line":27,"column":null}},"6":{"start":{"line":28,"column":23},"end":{"line":28,"column":null}},"7":{"start":{"line":29,"column":4},"end":{"line":29,"column":null}},"8":{"start":{"line":33,"column":25},"end":{"line":33,"column":null}},"9":{"start":{"line":34,"column":16},"end":{"line":34,"column":null}},"10":{"start":{"line":34,"column":42},"end":{"line":34,"column":53}},"11":{"start":{"line":35,"column":34},"end":{"line":35,"column":null}},"12":{"start":{"line":36,"column":19},"end":{"line":36,"column":null}},"13":{"start":{"line":37,"column":23},"end":{"line":37,"column":null}},"14":{"start":{"line":38,"column":4},"end":{"line":38,"column":null}},"15":{"start":{"line":42,"column":25},"end":{"line":42,"column":null}},"16":{"start":{"line":43,"column":34},"end":{"line":43,"column":null}},"17":{"start":{"line":44,"column":19},"end":{"line":44,"column":null}},"18":{"start":{"line":45,"column":4},"end":{"line":45,"column":null}}},"fnMap":{"0":{"name":"(anonymous_0)","decl":{"start":{"line":19,"column":27},"end":{"line":19,"column":45}},"loc":{"start":{"line":19,"column":59},"end":{"line":47,"column":2}},"line":19},"1":{"name":"(anonymous_1)","decl":{"start":{"line":23,"column":2},"end":{"line":23,"column":16}},"loc":{"start":{"line":23,"column":24},"end":{"line":30,"column":null}},"line":23},"2":{"name":"(anonymous_2)","decl":{"start":{"line":32,"column":2},"end":{"line":32,"column":21}},"loc":{"start":{"line":32,"column":30},"end":{"line":39,"column":null}},"line":32},"3":{"name":"(anonymous_3)","decl":{"start":{"line":34,"column":25},"end":{"line":34,"column":33}},"loc":{"start":{"line":34,"column":42},"end":{"line":34,"column":53}},"line":34},"4":{"name":"(anonymous_4)","decl":{"start":{"line":41,"column":2},"end":{"line":41,"column":23}},"loc":{"start":{"line":41,"column":23},"end":{"line":46,"column":null}},"line":41}},"branchMap":{},"s":{"0":2,"1":2,"2":10,"3":10,"4":10,"5":10,"6":10,"7":10,"8":3,"9":3,"10":4,"11":3,"12":3,"13":3,"14":3,"15":1,"16":1,"17":1,"18":1},"f":{"0":2,"1":10,"2":3,"3":4,"4":1},"b":{},"meta":{"lastBranch":0,"lastFunction":5,"lastStatement":19,"seen":{"s:19:27:47:Infinity":0,"f:19:27:19:45":0,"s:19:59:47:2":1,"f:23:2:23:16":1,"s:24:25:24:Infinity":2,"s:25:16:25:Infinity":3,"s:26:34:26:Infinity":4,"s:27:19:27:Infinity":5,"s:28:23:28:Infinity":6,"s:29:4:29:Infinity":7,"f:32:2:32:21":2,"s:33:25:33:Infinity":8,"s:34:16:34:Infinity":9,"f:34:25:34:33":3,"s:34:42:34:53":10,"s:35:34:35:Infinity":11,"s:36:19:36:Infinity":12,"s:37:23:37:Infinity":13,"s:38:4:38:Infinity":14,"f:41:2:41:23":4,"s:42:25:42:Infinity":15,"s:43:34:43:Infinity":16,"s:44:19:44:Infinity":17,"s:45:4:45:Infinity":18},"fnNames":{}}}
,"/home/darkmagic/bigschool/TFM/tfm-nutre-fit-dia/src/features/metabolic-tracker/MetabolicTrackerContainer.tsx": {"path":"/home/darkmagic/bigschool/TFM/tfm-nutre-fit-dia/src/features/metabolic-tracker/MetabolicTrackerContainer.tsx","statementMap":{"0":{"start":{"line":9,"column":6},"end":{"line":9,"column":22}},"1":{"start":{"line":11,"column":8},"end":{"line":14,"column":null}},"2":{"start":{"line":12,"column":4},"end":{"line":12,"column":null}},"3":{"start":{"line":13,"column":4},"end":{"line":13,"column":null}},"4":{"start":{"line":16,"column":2},"end":{"line":31,"column":null}}},"fnMap":{"0":{"name":"MetabolicTrackerContainer","decl":{"start":{"line":5,"column":16},"end":{"line":5,"column":44}},"loc":{"start":{"line":5,"column":44},"end":{"line":33,"column":null}},"line":5},"1":{"name":"(anonymous_1)","decl":{"start":{"line":11,"column":8},"end":{"line":11,"column":27}},"loc":{"start":{"line":11,"column":44},"end":{"line":14,"column":null}},"line":11}},"branchMap":{},"s":{"0":10,"1":10,"2":4,"3":4,"4":10},"f":{"0":10,"1":4},"b":{},"meta":{"lastBranch":0,"lastFunction":2,"lastStatement":5,"seen":{"f:5:16:5:44":0,"s:9:6:9:22":0,"s:11:8:14:Infinity":1,"f:11:8:11:27":1,"s:12:4:12:Infinity":2,"s:13:4:13:Infinity":3,"s:16:2:31:Infinity":4},"fnNames":{}}}
,"/home/darkmagic/bigschool/TFM/tfm-nutre-fit-dia/src/features/metabolic-tracker/MetabolicTrackerView.tsx": {"path":"/home/darkmagic/bigschool/TFM/tfm-nutre-fit-dia/src/features/metabolic-tracker/MetabolicTrackerView.tsx","statementMap":{"0":{"start":{"line":29,"column":2},"end":{"line":92,"column":null}}},"fnMap":{"0":{"name":"MetabolicTrackerView","decl":{"start":{"line":22,"column":16},"end":{"line":22,"column":37}},"loc":{"start":{"line":28,"column":30},"end":{"line":94,"column":null}},"line":28}},"branchMap":{"0":{"loc":{"start":{"line":73,"column":7},"end":{"line":76,"column":null}},"type":"binary-expr","locations":[{"start":{"line":73,"column":7},"end":{"line":73,"column":null}},{"start":{"line":74,"column":8},"end":{"line":76,"column":null}}],"line":73},"1":{"loc":{"start":{"line":79,"column":7},"end":{"line":90,"column":null}},"type":"binary-expr","locations":[{"start":{"line":79,"column":7},"end":{"line":79,"column":null}},{"start":{"line":80,"column":8},"end":{"line":90,"column":null}}],"line":79},"2":{"loc":{"start":{"line":86,"column":21},"end":{"line":86,"column":null}},"type":"cond-expr","locations":[{"start":{"line":86,"column":55},"end":{"line":86,"column":66}},{"start":{"line":86,"column":66},"end":{"line":86,"column":null}}],"line":86},"3":{"loc":{"start":{"line":87,"column":17},"end":{"line":87,"column":null}},"type":"cond-expr","locations":[{"start":{"line":87,"column":51},"end":{"line":87,"column":64}},{"start":{"line":87,"column":64},"end":{"line":87,"column":null}}],"line":87}},"s":{"0":10},"f":{"0":10},"b":{"0":[10,3],"1":[10,9],"2":[8,1],"3":[8,1]},"meta":{"lastBranch":4,"lastFunction":1,"lastStatement":1,"seen":{"f:22:16:22:37":0,"s:29:2:92:Infinity":0,"b:73:7:73:Infinity:74:8:76:Infinity":0,"b:79:7:79:Infinity:80:8:90:Infinity":1,"b:86:55:86:66:86:66:86:Infinity":2,"b:87:51:87:64:87:64:87:Infinity":3},"fnNames":{}}}
,"/home/darkmagic/bigschool/TFM/tfm-nutre-fit-dia/src/features/metabolic-tracker/services/caloricTargetService.ts": {"path":"/home/darkmagic/bigschool/TFM/tfm-nutre-fit-dia/src/features/metabolic-tracker/services/caloricTargetService.ts","statementMap":{"0":{"start":{"line":29,"column":15},"end":{"line":29,"column":null}},"1":{"start":{"line":30,"column":2},"end":{"line":30,"column":null}},"2":{"start":{"line":33,"column":21},"end":{"line":33,"column":null}},"3":{"start":{"line":35,"column":35},"end":{"line":35,"column":null}},"4":{"start":{"line":37,"column":26},"end":{"line":37,"column":null}},"5":{"start":{"line":40,"column":71},"end":{"line":40,"column":null}},"6":{"start":{"line":42,"column":14},"end":{"line":42,"column":null}},"7":{"start":{"line":43,"column":15},"end":{"line":43,"column":null}},"8":{"start":{"line":46,"column":28},"end":{"line":46,"column":null}},"9":{"start":{"line":49,"column":21},"end":{"line":51,"column":null}},"10":{"start":{"line":53,"column":20},"end":{"line":53,"column":null}},"11":{"start":{"line":56,"column":17},"end":{"line":56,"column":null}},"12":{"start":{"line":57,"column":18},"end":{"line":57,"column":null}},"13":{"start":{"line":59,"column":2},"end":{"line":59,"column":null}}},"fnMap":{"0":{"name":"bmrMifflinStJeor","decl":{"start":{"line":28,"column":9},"end":{"line":28,"column":26}},"loc":{"start":{"line":28,"column":106},"end":{"line":31,"column":null}},"line":28},"1":{"name":"computeCaloricTarget","decl":{"start":{"line":39,"column":16},"end":{"line":39,"column":37}},"loc":{"start":{"line":39,"column":85},"end":{"line":60,"column":null}},"line":39}},"branchMap":{"0":{"loc":{"start":{"line":30,"column":20},"end":{"line":30,"column":61}},"type":"cond-expr","locations":[{"start":{"line":30,"column":40},"end":{"line":30,"column":51}},{"start":{"line":30,"column":51},"end":{"line":30,"column":61}}],"line":30},"1":{"loc":{"start":{"line":49,"column":21},"end":{"line":51,"column":null}},"type":"cond-expr","locations":[{"start":{"line":50,"column":6},"end":{"line":50,"column":null}},{"start":{"line":51,"column":6},"end":{"line":51,"column":null}}],"line":49}},"s":{"0":19,"1":19,"2":5,"3":5,"4":5,"5":19,"6":19,"7":19,"8":19,"9":19,"10":19,"11":19,"12":19,"13":19},"f":{"0":19,"1":19},"b":{"0":[13,6],"1":[12,7]},"meta":{"lastBranch":2,"lastFunction":2,"lastStatement":14,"seen":{"f:28:9:28:26":0,"s:29:15:29:Infinity":0,"s:30:2:30:Infinity":1,"b:30:40:30:51:30:51:30:61":0,"s:33:21:33:Infinity":2,"s:35:35:35:Infinity":3,"s:37:26:37:Infinity":4,"f:39:16:39:37":1,"s:40:71:40:Infinity":5,"s:42:14:42:Infinity":6,"s:43:15:43:Infinity":7,"s:46:28:46:Infinity":8,"s:49:21:51:Infinity":9,"b:50:6:50:Infinity:51:6:51:Infinity":1,"s:53:20:53:Infinity":10,"s:56:17:56:Infinity":11,"s:57:18:57:Infinity":12,"s:59:2:59:Infinity":13},"fnNames":{}}}
,"/home/darkmagic/bigschool/TFM/tfm-nutre-fit-dia/src/features/metabolic-tracker/store/index.ts": {"path":"/home/darkmagic/bigschool/TFM/tfm-nutre-fit-dia/src/features/metabolic-tracker/store/index.ts","statementMap":{},"fnMap":{},"branchMap":{},"s":{},"f":{},"b":{},"meta":{"lastBranch":0,"lastFunction":0,"lastStatement":0,"seen":{},"fnNames":{}}}
,"/home/darkmagic/bigschool/TFM/tfm-nutre-fit-dia/src/features/metabolic-tracker/store/trackerStore.ts": {"path":"/home/darkmagic/bigschool/TFM/tfm-nutre-fit-dia/src/features/metabolic-tracker/store/trackerStore.ts","statementMap":{"0":{"start":{"line":10,"column":21},"end":{"line":10,"column":null}},"1":{"start":{"line":31,"column":31},"end":{"line":92,"column":null}},"2":{"start":{"line":31,"column":67},"end":{"line":92,"column":2}},"3":{"start":{"line":41,"column":18},"end":{"line":41,"column":null}},"4":{"start":{"line":42,"column":18},"end":{"line":42,"column":null}},"5":{"start":{"line":43,"column":15},"end":{"line":43,"column":null}},"6":{"start":{"line":46,"column":4},"end":{"line":56,"column":null}},"7":{"start":{"line":47,"column":21},"end":{"line":47,"column":null}},"8":{"start":{"line":48,"column":6},"end":{"line":48,"column":null}},"9":{"start":{"line":50,"column":6},"end":{"line":55,"column":null}},"10":{"start":{"line":59,"column":15},"end":{"line":59,"column":null}},"11":{"start":{"line":60,"column":29},"end":{"line":60,"column":null}},"12":{"start":{"line":63,"column":49},"end":{"line":63,"column":null}},"13":{"start":{"line":66,"column":4},"end":{"line":79,"column":null}},"14":{"start":{"line":67,"column":6},"end":{"line":67,"column":null}},"15":{"start":{"line":68,"column":6},"end":{"line":68,"column":null}},"16":{"start":{"line":69,"column":6},"end":{"line":69,"column":null}},"17":{"start":{"line":70,"column":6},"end":{"line":70,"column":null}},"18":{"start":{"line":72,"column":6},"end":{"line":77,"column":null}},"19":{"start":{"line":78,"column":6},"end":{"line":78,"column":null}},"20":{"start":{"line":81,"column":16},"end":{"line":81,"column":null}},"21":{"start":{"line":82,"column":19},"end":{"line":89,"column":null}},"22":{"start":{"line":90,"column":4},"end":{"line":90,"column":null}}},"fnMap":{"0":{"name":"(anonymous_0)","decl":{"start":{"line":31,"column":31},"end":{"line":31,"column":53}},"loc":{"start":{"line":31,"column":67},"end":{"line":92,"column":2}},"line":31},"1":{"name":"(anonymous_1)","decl":{"start":{"line":41,"column":2},"end":{"line":41,"column":13}},"loc":{"start":{"line":41,"column":18},"end":{"line":41,"column":null}},"line":41},"2":{"name":"(anonymous_2)","decl":{"start":{"line":42,"column":2},"end":{"line":42,"column":13}},"loc":{"start":{"line":42,"column":18},"end":{"line":42,"column":null}},"line":42},"3":{"name":"(anonymous_3)","decl":{"start":{"line":43,"column":2},"end":{"line":43,"column":10}},"loc":{"start":{"line":43,"column":15},"end":{"line":43,"column":null}},"line":43},"4":{"name":"(anonymous_4)","decl":{"start":{"line":45,"column":2},"end":{"line":45,"column":13}},"loc":{"start":{"line":45,"column":18},"end":{"line":57,"column":null}},"line":45},"5":{"name":"(anonymous_5)","decl":{"start":{"line":59,"column":2},"end":{"line":59,"column":10}},"loc":{"start":{"line":59,"column":15},"end":{"line":59,"column":null}},"line":59},"6":{"name":"(anonymous_6)","decl":{"start":{"line":60,"column":2},"end":{"line":60,"column":24}},"loc":{"start":{"line":60,"column":29},"end":{"line":60,"column":null}},"line":60},"7":{"name":"(anonymous_7)","decl":{"start":{"line":62,"column":2},"end":{"line":62,"column":25}},"loc":{"start":{"line":62,"column":25},"end":{"line":91,"column":null}},"line":62}},"branchMap":{"0":{"loc":{"start":{"line":74,"column":10},"end":{"line":76,"column":null}},"type":"cond-expr","locations":[{"start":{"line":75,"column":14},"end":{"line":75,"column":null}},{"start":{"line":76,"column":14},"end":{"line":76,"column":null}}],"line":74}},"s":{"0":4,"1":4,"2":4,"3":10,"4":6,"5":1,"6":2,"7":2,"8":2,"9":1,"10":1,"11":3,"12":11,"13":11,"14":11,"15":11,"16":11,"17":11,"18":4,"19":4,"20":7,"21":7,"22":7},"f":{"0":4,"1":10,"2":6,"3":1,"4":2,"5":1,"6":3,"7":11},"b":{"0":[3,1]},"meta":{"lastBranch":1,"lastFunction":8,"lastStatement":23,"seen":{"s:10:21:10:Infinity":0,"s:31:31:92:Infinity":1,"f:31:31:31:53":0,"s:31:67:92:2":2,"f:41:2:41:13":1,"s:41:18:41:Infinity":3,"f:42:2:42:13":2,"s:42:18:42:Infinity":4,"f:43:2:43:10":3,"s:43:15:43:Infinity":5,"f:45:2:45:13":4,"s:46:4:56:Infinity":6,"s:47:21:47:Infinity":7,"s:48:6:48:Infinity":8,"s:50:6:55:Infinity":9,"f:59:2:59:10":5,"s:59:15:59:Infinity":10,"f:60:2:60:24":6,"s:60:29:60:Infinity":11,"f:62:2:62:25":7,"s:63:49:63:Infinity":12,"s:66:4:79:Infinity":13,"s:67:6:67:Infinity":14,"s:68:6:68:Infinity":15,"s:69:6:69:Infinity":16,"s:70:6:70:Infinity":17,"s:72:6:77:Infinity":18,"b:75:14:75:Infinity:76:14:76:Infinity":0,"s:78:6:78:Infinity":19,"s:81:16:81:Infinity":20,"s:82:19:89:Infinity":21,"s:90:4:90:Infinity":22},"fnNames":{}}}
,"/home/darkmagic/bigschool/TFM/tfm-nutre-fit-dia/src/features/nutritional-traffic-light/ScannerContainer.tsx": {"path":"/home/darkmagic/bigschool/TFM/tfm-nutre-fit-dia/src/features/nutritional-traffic-light/ScannerContainer.tsx","statementMap":{"0":{"start":{"line":8,"column":38},"end":{"line":8,"column":null}},"1":{"start":{"line":9,"column":30},"end":{"line":9,"column":null}},"2":{"start":{"line":10,"column":23},"end":{"line":10,"column":null}},"3":{"start":{"line":10,"column":40},"end":{"line":10,"column":54}},"4":{"start":{"line":12,"column":18},"end":{"line":15,"column":null}},"5":{"start":{"line":12,"column":71},"end":{"line":15,"column":4}},"6":{"start":{"line":17,"column":19},"end":{"line":17,"column":null}},"7":{"start":{"line":19,"column":8},"end":{"line":21,"column":null}},"8":{"start":{"line":20,"column":4},"end":{"line":20,"column":null}},"9":{"start":{"line":23,"column":8},"end":{"line":25,"column":null}},"10":{"start":{"line":24,"column":4},"end":{"line":24,"column":null}},"11":{"start":{"line":27,"column":8},"end":{"line":30,"column":null}},"12":{"start":{"line":28,"column":4},"end":{"line":28,"column":null}},"13":{"start":{"line":29,"column":4},"end":{"line":29,"column":null}},"14":{"start":{"line":32,"column":2},"end":{"line":41,"column":null}}},"fnMap":{"0":{"name":"ScannerContainer","decl":{"start":{"line":7,"column":16},"end":{"line":7,"column":35}},"loc":{"start":{"line":7,"column":35},"end":{"line":43,"column":null}},"line":7},"1":{"name":"(anonymous_1)","decl":{"start":{"line":10,"column":23},"end":{"line":10,"column":35}},"loc":{"start":{"line":10,"column":40},"end":{"line":10,"column":54}},"line":10},"2":{"name":"(anonymous_2)","decl":{"start":{"line":12,"column":50},"end":{"line":12,"column":55}},"loc":{"start":{"line":12,"column":71},"end":{"line":15,"column":4}},"line":12},"3":{"name":"(anonymous_3)","decl":{"start":{"line":19,"column":8},"end":{"line":19,"column":31}},"loc":{"start":{"line":19,"column":31},"end":{"line":21,"column":null}},"line":19},"4":{"name":"(anonymous_4)","decl":{"start":{"line":23,"column":8},"end":{"line":23,"column":31}},"loc":{"start":{"line":23,"column":31},"end":{"line":25,"column":null}},"line":23},"5":{"name":"(anonymous_5)","decl":{"start":{"line":27,"column":8},"end":{"line":27,"column":24}},"loc":{"start":{"line":27,"column":39},"end":{"line":30,"column":null}},"line":27}},"branchMap":{"0":{"loc":{"start":{"line":14,"column":27},"end":{"line":14,"column":null}},"type":"cond-expr","locations":[{"start":{"line":14,"column":46},"end":{"line":14,"column":53}},{"start":{"line":14,"column":53},"end":{"line":14,"column":null}}],"line":14},"1":{"loc":{"start":{"line":17,"column":19},"end":{"line":17,"column":null}},"type":"cond-expr","locations":[{"start":{"line":17,"column":32},"end":{"line":17,"column":60}},{"start":{"line":17,"column":60},"end":{"line":17,"column":null}}],"line":17},"2":{"loc":{"start":{"line":36,"column":16},"end":{"line":36,"column":null}},"type":"binary-expr","locations":[{"start":{"line":36,"column":16},"end":{"line":36,"column":28}},{"start":{"line":36,"column":28},"end":{"line":36,"column":null}}],"line":36}},"s":{"0":23,"1":23,"2":23,"3":70,"4":23,"5":828,"6":23,"7":23,"8":2,"9":23,"10":1,"11":23,"12":4,"13":4,"14":23},"f":{"0":23,"1":70,"2":828,"3":2,"4":1,"5":4},"b":{"0":[138,690],"1":[6,17],"2":[23,17]},"meta":{"lastBranch":3,"lastFunction":6,"lastStatement":15,"seen":{"f:7:16:7:35":0,"s:8:38:8:Infinity":0,"s:9:30:9:Infinity":1,"s:10:23:10:Infinity":2,"f:10:23:10:35":1,"s:10:40:10:54":3,"s:12:18:15:Infinity":4,"f:12:50:12:55":2,"s:12:71:15:4":5,"b:14:46:14:53:14:53:14:Infinity":0,"s:17:19:17:Infinity":6,"b:17:32:17:60:17:60:17:Infinity":1,"s:19:8:21:Infinity":7,"f:19:8:19:31":3,"s:20:4:20:Infinity":8,"s:23:8:25:Infinity":9,"f:23:8:23:31":4,"s:24:4:24:Infinity":10,"s:27:8:30:Infinity":11,"f:27:8:27:24":5,"s:28:4:28:Infinity":12,"s:29:4:29:Infinity":13,"s:32:2:41:Infinity":14,"b:36:16:36:28:36:28:36:Infinity":2},"fnNames":{}}}
,"/home/darkmagic/bigschool/TFM/tfm-nutre-fit-dia/src/features/nutritional-traffic-light/ScannerView.tsx": {"path":"/home/darkmagic/bigschool/TFM/tfm-nutre-fit-dia/src/features/nutritional-traffic-light/ScannerView.tsx","statementMap":{"0":{"start":{"line":6,"column":47},"end":{"line":10,"column":null}},"1":{"start":{"line":12,"column":47},"end":{"line":16,"column":null}},"2":{"start":{"line":37,"column":2},"end":{"line":85,"column":null}},"3":{"start":{"line":43,"column":23},"end":{"line":43,"column":null}},"4":{"start":{"line":81,"column":12},"end":{"line":81,"column":null}}},"fnMap":{"0":{"name":"ScannerView","decl":{"start":{"line":28,"column":16},"end":{"line":28,"column":28}},"loc":{"start":{"line":36,"column":21},"end":{"line":87,"column":null}},"line":36},"1":{"name":"(anonymous_1)","decl":{"start":{"line":43,"column":8},"end":{"line":43,"column":18}},"loc":{"start":{"line":43,"column":23},"end":{"line":43,"column":null}},"line":43},"2":{"name":"(anonymous_2)","decl":{"start":{"line":80,"column":26},"end":{"line":80,"column":31}},"loc":{"start":{"line":81,"column":12},"end":{"line":81,"column":null}},"line":81}},"branchMap":{"0":{"loc":{"start":{"line":48,"column":7},"end":{"line":55,"column":null}},"type":"binary-expr","locations":[{"start":{"line":48,"column":7},"end":{"line":48,"column":null}},{"start":{"line":49,"column":8},"end":{"line":55,"column":null}}],"line":48},"1":{"loc":{"start":{"line":52,"column":11},"end":{"line":53,"column":null}},"type":"binary-expr","locations":[{"start":{"line":52,"column":11},"end":{"line":52,"column":null}},{"start":{"line":53,"column":12},"end":{"line":53,"column":null}}],"line":52},"2":{"loc":{"start":{"line":72,"column":7},"end":{"line":83,"column":null}},"type":"binary-expr","locations":[{"start":{"line":72,"column":7},"end":{"line":72,"column":null}},{"start":{"line":73,"column":8},"end":{"line":83,"column":null}}],"line":72}},"s":{"0":1,"1":1,"2":23,"3":4,"4":1},"f":{"0":23,"1":4,"2":1},"b":{"0":[23,6],"1":[6,2],"2":[23,2]},"meta":{"lastBranch":3,"lastFunction":3,"lastStatement":5,"seen":{"s:6:47:10:Infinity":0,"s:12:47:16:Infinity":1,"f:28:16:28:28":0,"s:37:2:85:Infinity":2,"f:43:8:43:18":1,"s:43:23:43:Infinity":3,"b:48:7:48:Infinity:49:8:55:Infinity":0,"b:52:11:52:Infinity:53:12:53:Infinity":1,"b:72:7:72:Infinity:73:8:83:Infinity":2,"f:80:26:80:31":2,"s:81:12:81:Infinity":4},"fnNames":{}}}
,"/home/darkmagic/bigschool/TFM/tfm-nutre-fit-dia/src/features/nutritional-traffic-light/services/classificationService.ts": {"path":"/home/darkmagic/bigschool/TFM/tfm-nutre-fit-dia/src/features/nutritional-traffic-light/services/classificationService.ts","statementMap":{"0":{"start":{"line":17,"column":67},"end":{"line":28,"column":null}},"1":{"start":{"line":35,"column":20},"end":{"line":35,"column":null}},"2":{"start":{"line":38,"column":2},"end":{"line":40,"column":null}},"3":{"start":{"line":39,"column":4},"end":{"line":39,"column":null}},"4":{"start":{"line":43,"column":2},"end":{"line":45,"column":null}},"5":{"start":{"line":44,"column":4},"end":{"line":44,"column":null}},"6":{"start":{"line":48,"column":2},"end":{"line":48,"column":null}},"7":{"start":{"line":57,"column":20},"end":{"line":57,"column":null}},"8":{"start":{"line":58,"column":28},"end":{"line":58,"column":null}},"9":{"start":{"line":60,"column":2},"end":{"line":63,"column":null}},"10":{"start":{"line":61,"column":4},"end":{"line":61,"column":null}},"11":{"start":{"line":62,"column":4},"end":{"line":62,"column":null}},"12":{"start":{"line":65,"column":2},"end":{"line":68,"column":null}},"13":{"start":{"line":66,"column":4},"end":{"line":66,"column":null}},"14":{"start":{"line":67,"column":4},"end":{"line":67,"column":null}},"15":{"start":{"line":70,"column":2},"end":{"line":72,"column":null}},"16":{"start":{"line":71,"column":4},"end":{"line":71,"column":null}},"17":{"start":{"line":74,"column":16},"end":{"line":74,"column":null}},"18":{"start":{"line":75,"column":2},"end":{"line":75,"column":null}}},"fnMap":{"0":{"name":"classifyFood","decl":{"start":{"line":34,"column":16},"end":{"line":34,"column":29}},"loc":{"start":{"line":34,"column":60},"end":{"line":49,"column":null}},"line":34},"1":{"name":"classifyFoodWithReasons","decl":{"start":{"line":56,"column":16},"end":{"line":56,"column":40}},"loc":{"start":{"line":56,"column":74},"end":{"line":76,"column":null}},"line":56}},"branchMap":{"0":{"loc":{"start":{"line":38,"column":2},"end":{"line":40,"column":null}},"type":"if","locations":[{"start":{"line":38,"column":2},"end":{"line":40,"column":null}},{"start":{},"end":{}}],"line":38},"1":{"loc":{"start":{"line":43,"column":2},"end":{"line":45,"column":null}},"type":"if","locations":[{"start":{"line":43,"column":2},"end":{"line":45,"column":null}},{"start":{},"end":{}}],"line":43},"2":{"loc":{"start":{"line":43,"column":6},"end":{"line":43,"column":51}},"type":"binary-expr","locations":[{"start":{"line":43,"column":6},"end":{"line":43,"column":32}},{"start":{"line":43,"column":32},"end":{"line":43,"column":51}}],"line":43},"3":{"loc":{"start":{"line":60,"column":2},"end":{"line":63,"column":null}},"type":"if","locations":[{"start":{"line":60,"column":2},"end":{"line":63,"column":null}},{"start":{},"end":{}}],"line":60},"4":{"loc":{"start":{"line":65,"column":2},"end":{"line":68,"column":null}},"type":"if","locations":[{"start":{"line":65,"column":2},"end":{"line":68,"column":null}},{"start":{},"end":{}}],"line":65},"5":{"loc":{"start":{"line":65,"column":6},"end":{"line":65,"column":51}},"type":"binary-expr","locations":[{"start":{"line":65,"column":6},"end":{"line":65,"column":32}},{"start":{"line":65,"column":32},"end":{"line":65,"column":51}}],"line":65},"6":{"loc":{"start":{"line":70,"column":2},"end":{"line":72,"column":null}},"type":"if","locations":[{"start":{"line":70,"column":2},"end":{"line":72,"column":null}},{"start":{},"end":{}}],"line":70},"7":{"loc":{"start":{"line":70,"column":6},"end":{"line":70,"column":62}},"type":"binary-expr","locations":[{"start":{"line":70,"column":6},"end":{"line":70,"column":26}},{"start":{"line":70,"column":26},"end":{"line":70,"column":62}}],"line":70}},"s":{"0":2,"1":15,"2":15,"3":4,"4":11,"5":2,"6":9,"7":6,"8":6,"9":6,"10":2,"11":2,"12":4,"13":1,"14":1,"15":3,"16":1,"17":3,"18":3},"f":{"0":15,"1":6},"b":{"0":[4,11],"1":[2,9],"2":[11,11],"3":[2,4],"4":[1,3],"5":[4,4],"6":[1,2],"7":[3,1]},"meta":{"lastBranch":8,"lastFunction":2,"lastStatement":19,"seen":{"s:17:67:28:Infinity":0,"f:34:16:34:29":0,"s:35:20:35:Infinity":1,"b:38:2:40:Infinity:undefined:undefined:undefined:undefined":0,"s:38:2:40:Infinity":2,"s:39:4:39:Infinity":3,"b:43:2:45:Infinity:undefined:undefined:undefined:undefined":1,"s:43:2:45:Infinity":4,"b:43:6:43:32:43:32:43:51":2,"s:44:4:44:Infinity":5,"s:48:2:48:Infinity":6,"f:56:16:56:40":1,"s:57:20:57:Infinity":7,"s:58:28:58:Infinity":8,"b:60:2:63:Infinity:undefined:undefined:undefined:undefined":3,"s:60:2:63:Infinity":9,"s:61:4:61:Infinity":10,"s:62:4:62:Infinity":11,"b:65:2:68:Infinity:undefined:undefined:undefined:undefined":4,"s:65:2:68:Infinity":12,"b:65:6:65:32:65:32:65:51":5,"s:66:4:66:Infinity":13,"s:67:4:67:Infinity":14,"b:70:2:72:Infinity:undefined:undefined:undefined:undefined":6,"s:70:2:72:Infinity":15,"b:70:6:70:26:70:26:70:62":7,"s:71:4:71:Infinity":16,"s:74:16:74:Infinity":17,"s:75:2:75:Infinity":18},"fnNames":{}}}
,"/home/darkmagic/bigschool/TFM/tfm-nutre-fit-dia/src/features/nutritional-traffic-light/services/occultSugarDetector.ts": {"path":"/home/darkmagic/bigschool/TFM/tfm-nutre-fit-dia/src/features/nutritional-traffic-light/services/occultSugarDetector.ts","statementMap":{"0":{"start":{"line":10,"column":30},"end":{"line":27,"column":null}},"1":{"start":{"line":29,"column":27},"end":{"line":34,"column":null}},"2":{"start":{"line":49,"column":32},"end":{"line":49,"column":null}},"3":{"start":{"line":49,"column":53},"end":{"line":49,"column":75}},"4":{"start":{"line":51,"column":25},"end":{"line":53,"column":null}},"5":{"start":{"line":52,"column":4},"end":{"line":52,"column":null}},"6":{"start":{"line":52,"column":45},"end":{"line":52,"column":73}},"7":{"start":{"line":55,"column":28},"end":{"line":57,"column":null}},"8":{"start":{"line":56,"column":4},"end":{"line":56,"column":null}},"9":{"start":{"line":56,"column":45},"end":{"line":56,"column":73}},"10":{"start":{"line":59,"column":2},"end":{"line":64,"column":null}},"11":{"start":{"line":71,"column":2},"end":{"line":71,"column":null}}},"fnMap":{"0":{"name":"detectOccultSubstances","decl":{"start":{"line":48,"column":16},"end":{"line":48,"column":39}},"loc":{"start":{"line":48,"column":85},"end":{"line":65,"column":null}},"line":48},"1":{"name":"(anonymous_1)","decl":{"start":{"line":49,"column":44},"end":{"line":49,"column":48}},"loc":{"start":{"line":49,"column":53},"end":{"line":49,"column":75}},"line":49},"2":{"name":"(anonymous_2)","decl":{"start":{"line":51,"column":47},"end":{"line":51,"column":54}},"loc":{"start":{"line":52,"column":4},"end":{"line":52,"column":null}},"line":52},"3":{"name":"(anonymous_3)","decl":{"start":{"line":52,"column":26},"end":{"line":52,"column":31}},"loc":{"start":{"line":52,"column":45},"end":{"line":52,"column":73}},"line":52},"4":{"name":"(anonymous_4)","decl":{"start":{"line":55,"column":47},"end":{"line":55,"column":54}},"loc":{"start":{"line":56,"column":4},"end":{"line":56,"column":null}},"line":56},"5":{"name":"(anonymous_5)","decl":{"start":{"line":56,"column":26},"end":{"line":56,"column":31}},"loc":{"start":{"line":56,"column":45},"end":{"line":56,"column":73}},"line":56},"6":{"name":"detectOccultFromFood","decl":{"start":{"line":70,"column":16},"end":{"line":70,"column":37}},"loc":{"start":{"line":70,"column":90},"end":{"line":72,"column":null}},"line":70}},"branchMap":{},"s":{"0":3,"1":3,"2":33,"3":35,"4":33,"5":528,"6":548,"7":33,"8":132,"9":138,"10":33,"11":21},"f":{"0":33,"1":35,"2":528,"3":548,"4":132,"5":138,"6":21},"b":{},"meta":{"lastBranch":0,"lastFunction":7,"lastStatement":12,"seen":{"s:10:30:27:Infinity":0,"s:29:27:34:Infinity":1,"f:48:16:48:39":0,"s:49:32:49:Infinity":2,"f:49:44:49:48":1,"s:49:53:49:75":3,"s:51:25:53:Infinity":4,"f:51:47:51:54":2,"s:52:4:52:Infinity":5,"f:52:26:52:31":3,"s:52:45:52:73":6,"s:55:28:57:Infinity":7,"f:55:47:55:54":4,"s:56:4:56:Infinity":8,"f:56:26:56:31":5,"s:56:45:56:73":9,"s:59:2:64:Infinity":10,"f:70:16:70:37":6,"s:71:2:71:Infinity":11},"fnNames":{}}}
,"/home/darkmagic/bigschool/TFM/tfm-nutre-fit-dia/src/features/recipe-engine/PlanContainer.tsx": {"path":"/home/darkmagic/bigschool/TFM/tfm-nutre-fit-dia/src/features/recipe-engine/PlanContainer.tsx","statementMap":{"0":{"start":{"line":6,"column":39},"end":{"line":6,"column":52}},"1":{"start":{"line":7,"column":54},"end":{"line":7,"column":70}},"2":{"start":{"line":9,"column":2},"end":{"line":15,"column":null}}},"fnMap":{"0":{"name":"PlanContainer","decl":{"start":{"line":5,"column":16},"end":{"line":5,"column":32}},"loc":{"start":{"line":5,"column":32},"end":{"line":17,"column":null}},"line":5}},"branchMap":{},"s":{"0":6,"1":6,"2":6},"f":{"0":6},"b":{},"meta":{"lastBranch":0,"lastFunction":1,"lastStatement":3,"seen":{"f:5:16:5:32":0,"s:6:39:6:52":0,"s:7:54:7:70":1,"s:9:2:15:Infinity":2},"fnNames":{}}}
,"/home/darkmagic/bigschool/TFM/tfm-nutre-fit-dia/src/features/recipe-engine/PlanView.tsx": {"path":"/home/darkmagic/bigschool/TFM/tfm-nutre-fit-dia/src/features/recipe-engine/PlanView.tsx","statementMap":{"0":{"start":{"line":18,"column":2},"end":{"line":92,"column":null}},"1":{"start":{"line":27,"column":25},"end":{"line":27,"column":null}},"2":{"start":{"line":50,"column":45},"end":{"line":50,"column":68}},"3":{"start":{"line":53,"column":16},"end":{"line":64,"column":null}},"4":{"start":{"line":60,"column":24},"end":{"line":60,"column":null}},"5":{"start":{"line":71,"column":31},"end":{"line":71,"column":null}},"6":{"start":{"line":72,"column":14},"end":{"line":86,"column":null}},"7":{"start":{"line":80,"column":22},"end":{"line":83,"column":null}}},"fnMap":{"0":{"name":"PlanView","decl":{"start":{"line":12,"column":16},"end":{"line":12,"column":25}},"loc":{"start":{"line":17,"column":18},"end":{"line":94,"column":null}},"line":17},"1":{"name":"(anonymous_1)","decl":{"start":{"line":27,"column":10},"end":{"line":27,"column":20}},"loc":{"start":{"line":27,"column":25},"end":{"line":27,"column":null}},"line":27},"2":{"name":"(anonymous_2)","decl":{"start":{"line":50,"column":35},"end":{"line":50,"column":40}},"loc":{"start":{"line":50,"column":45},"end":{"line":50,"column":68}},"line":50},"3":{"name":"(anonymous_3)","decl":{"start":{"line":52,"column":39},"end":{"line":52,"column":44}},"loc":{"start":{"line":53,"column":16},"end":{"line":64,"column":null}},"line":53},"4":{"name":"(anonymous_4)","decl":{"start":{"line":59,"column":36},"end":{"line":59,"column":41}},"loc":{"start":{"line":60,"column":24},"end":{"line":60,"column":null}},"line":60},"5":{"name":"(anonymous_5)","decl":{"start":{"line":70,"column":29},"end":{"line":70,"column":33}},"loc":{"start":{"line":70,"column":40},"end":{"line":88,"column":13}},"line":70},"6":{"name":"(anonymous_6)","decl":{"start":{"line":79,"column":33},"end":{"line":79,"column":38}},"loc":{"start":{"line":80,"column":22},"end":{"line":83,"column":null}},"line":80}},"branchMap":{"0":{"loc":{"start":{"line":38,"column":7},"end":{"line":90,"column":null}},"type":"binary-expr","locations":[{"start":{"line":38,"column":7},"end":{"line":38,"column":null}},{"start":{"line":39,"column":8},"end":{"line":90,"column":null}}],"line":38},"1":{"loc":{"start":{"line":40,"column":52},"end":{"line":40,"column":110}},"type":"cond-expr","locations":[{"start":{"line":40,"column":71},"end":{"line":40,"column":92}},{"start":{"line":40,"column":92},"end":{"line":40,"column":110}}],"line":40},"2":{"loc":{"start":{"line":41,"column":13},"end":{"line":43,"column":null}},"type":"cond-expr","locations":[{"start":{"line":42,"column":16},"end":{"line":42,"column":null}},{"start":{"line":43,"column":16},"end":{"line":43,"column":null}}],"line":41},"3":{"loc":{"start":{"line":46,"column":11},"end":{"line":47,"column":null}},"type":"binary-expr","locations":[{"start":{"line":46,"column":11},"end":{"line":46,"column":null}},{"start":{"line":47,"column":12},"end":{"line":47,"column":null}}],"line":46},"4":{"loc":{"start":{"line":50,"column":11},"end":{"line":66,"column":null}},"type":"binary-expr","locations":[{"start":{"line":50,"column":11},"end":{"line":50,"column":null}},{"start":{"line":51,"column":12},"end":{"line":66,"column":null}}],"line":50},"5":{"loc":{"start":{"line":53,"column":16},"end":{"line":64,"column":null}},"type":"cond-expr","locations":[{"start":{"line":54,"column":18},"end":{"line":63,"column":null}},{"start":{"line":64,"column":20},"end":{"line":64,"column":null}}],"line":53},"6":{"loc":{"start":{"line":76,"column":21},"end":{"line":77,"column":null}},"type":"binary-expr","locations":[{"start":{"line":76,"column":21},"end":{"line":76,"column":34}},{"start":{"line":76,"column":34},"end":{"line":77,"column":null}}],"line":76}},"s":{"0":10,"1":1,"2":31,"3":4,"4":2,"5":34,"6":34,"7":192},"f":{"0":10,"1":1,"2":31,"3":4,"4":2,"5":34,"6":192},"b":{"0":[10,7],"1":[5,2],"2":[5,2],"3":[7,2],"4":[7,2],"5":[2,2],"6":[34,2]},"meta":{"lastBranch":7,"lastFunction":7,"lastStatement":8,"seen":{"f:12:16:12:25":0,"s:18:2:92:Infinity":0,"f:27:10:27:20":1,"s:27:25:27:Infinity":1,"b:38:7:38:Infinity:39:8:90:Infinity":0,"b:40:71:40:92:40:92:40:110":1,"b:42:16:42:Infinity:43:16:43:Infinity":2,"b:46:11:46:Infinity:47:12:47:Infinity":3,"b:50:11:50:Infinity:51:12:66:Infinity":4,"f:50:35:50:40":2,"s:50:45:50:68":2,"f:52:39:52:44":3,"s:53:16:64:Infinity":3,"b:54:18:63:Infinity:64:20:64:Infinity":5,"f:59:36:59:41":4,"s:60:24:60:Infinity":4,"f:70:29:70:33":5,"s:71:31:71:Infinity":5,"s:72:14:86:Infinity":6,"b:76:21:76:34:76:34:77:Infinity":6,"f:79:33:79:38":6,"s:80:22:83:Infinity":7},"fnNames":{}}}
,"/home/darkmagic/bigschool/TFM/tfm-nutre-fit-dia/src/features/recipe-engine/services/planGenerator.ts": {"path":"/home/darkmagic/bigschool/TFM/tfm-nutre-fit-dia/src/features/recipe-engine/services/planGenerator.ts","statementMap":{"0":{"start":{"line":41,"column":24},"end":{"line":41,"column":null}},"1":{"start":{"line":42,"column":22},"end":{"line":42,"column":null}},"2":{"start":{"line":43,"column":28},"end":{"line":43,"column":null}},"3":{"start":{"line":44,"column":23},"end":{"line":44,"column":35}},"4":{"start":{"line":46,"column":2},"end":{"line":67,"column":null}},"5":{"start":{"line":46,"column":17},"end":{"line":46,"column":20}},"6":{"start":{"line":47,"column":25},"end":{"line":50,"column":null}},"7":{"start":{"line":47,"column":52},"end":{"line":50,"column":6}},"8":{"start":{"line":53,"column":27},"end":{"line":53,"column":null}},"9":{"start":{"line":53,"column":51},"end":{"line":53,"column":64}},"10":{"start":{"line":54,"column":25},"end":{"line":57,"column":null}},"11":{"start":{"line":54,"column":53},"end":{"line":57,"column":6}},"12":{"start":{"line":59,"column":20},"end":{"line":59,"column":null}},"13":{"start":{"line":62,"column":4},"end":{"line":64,"column":null}},"14":{"start":{"line":63,"column":6},"end":{"line":63,"column":null}},"15":{"start":{"line":66,"column":4},"end":{"line":66,"column":null}},"16":{"start":{"line":69,"column":23},"end":{"line":74,"column":null}},"17":{"start":{"line":70,"column":29},"end":{"line":72,"column":null}},"18":{"start":{"line":71,"column":6},"end":{"line":71,"column":null}},"19":{"start":{"line":71,"column":46},"end":{"line":71,"column":52}},"20":{"start":{"line":73,"column":4},"end":{"line":73,"column":null}},"21":{"start":{"line":76,"column":23},"end":{"line":76,"column":null}},"22":{"start":{"line":77,"column":16},"end":{"line":77,"column":null}},"23":{"start":{"line":77,"column":40},"end":{"line":77,"column":47}},"24":{"start":{"line":79,"column":2},"end":{"line":79,"column":null}},"25":{"start":{"line":88,"column":20},"end":{"line":88,"column":null}},"26":{"start":{"line":89,"column":2},"end":{"line":95,"column":null}},"27":{"start":{"line":103,"column":2},"end":{"line":122,"column":null}},"28":{"start":{"line":127,"column":18},"end":{"line":127,"column":null}},"29":{"start":{"line":127,"column":36},"end":{"line":127,"column":77}},"30":{"start":{"line":128,"column":2},"end":{"line":132,"column":null}},"31":{"start":{"line":130,"column":21},"end":{"line":130,"column":null}},"32":{"start":{"line":130,"column":39},"end":{"line":130,"column":62}},"33":{"start":{"line":131,"column":4},"end":{"line":131,"column":null}},"34":{"start":{"line":133,"column":2},"end":{"line":133,"column":null}},"35":{"start":{"line":140,"column":17},"end":{"line":140,"column":29}},"36":{"start":{"line":141,"column":2},"end":{"line":145,"column":null}},"37":{"start":{"line":142,"column":4},"end":{"line":144,"column":null}},"38":{"start":{"line":143,"column":6},"end":{"line":143,"column":null}},"39":{"start":{"line":146,"column":2},"end":{"line":146,"column":null}}},"fnMap":{"0":{"name":"generateWeeklyPlan","decl":{"start":{"line":40,"column":16},"end":{"line":40,"column":35}},"loc":{"start":{"line":40,"column":75},"end":{"line":80,"column":null}},"line":40},"1":{"name":"(anonymous_1)","decl":{"start":{"line":47,"column":39},"end":{"line":47,"column":43}},"loc":{"start":{"line":47,"column":52},"end":{"line":50,"column":6}},"line":47},"2":{"name":"(anonymous_2)","decl":{"start":{"line":53,"column":39},"end":{"line":53,"column":46}},"loc":{"start":{"line":53,"column":51},"end":{"line":53,"column":64}},"line":53},"3":{"name":"(anonymous_3)","decl":{"start":{"line":54,"column":40},"end":{"line":54,"column":44}},"loc":{"start":{"line":54,"column":53},"end":{"line":57,"column":6}},"line":54},"4":{"name":"(anonymous_4)","decl":{"start":{"line":69,"column":28},"end":{"line":69,"column":32}},"loc":{"start":{"line":69,"column":37},"end":{"line":74,"column":3}},"line":69},"5":{"name":"(anonymous_5)","decl":{"start":{"line":70,"column":39},"end":{"line":70,"column":47}},"loc":{"start":{"line":71,"column":6},"end":{"line":71,"column":null}},"line":71},"6":{"name":"(anonymous_6)","decl":{"start":{"line":71,"column":37},"end":{"line":71,"column":46}},"loc":{"start":{"line":71,"column":46},"end":{"line":71,"column":52}},"line":71},"7":{"name":"(anonymous_7)","decl":{"start":{"line":77,"column":29},"end":{"line":77,"column":35}},"loc":{"start":{"line":77,"column":40},"end":{"line":77,"column":47}},"line":77},"8":{"name":"buildDailyTemplate","decl":{"start":{"line":87,"column":9},"end":{"line":87,"column":28}},"loc":{"start":{"line":87,"column":72},"end":{"line":96,"column":null}},"line":87},"9":{"name":"getWeeklySlots","decl":{"start":{"line":102,"column":9},"end":{"line":102,"column":86}},"loc":{"start":{"line":102,"column":86},"end":{"line":123,"column":null}},"line":102},"10":{"name":"pickFood","decl":{"start":{"line":126,"column":9},"end":{"line":126,"column":18}},"loc":{"start":{"line":126,"column":61},"end":{"line":134,"column":null}},"line":126},"11":{"name":"(anonymous_11)","decl":{"start":{"line":127,"column":24},"end":{"line":127,"column":31}},"loc":{"start":{"line":127,"column":36},"end":{"line":127,"column":77}},"line":127},"12":{"name":"(anonymous_12)","decl":{"start":{"line":130,"column":27},"end":{"line":130,"column":34}},"loc":{"start":{"line":130,"column":39},"end":{"line":130,"column":62}},"line":130},"13":{"name":"getWeeklyCounts","decl":{"start":{"line":139,"column":16},"end":{"line":139,"column":32}},"loc":{"start":{"line":139,"column":67},"end":{"line":147,"column":null}},"line":139}},"branchMap":{"0":{"loc":{"start":{"line":77,"column":16},"end":{"line":77,"column":null}},"type":"binary-expr","locations":[{"start":{"line":77,"column":16},"end":{"line":77,"column":52}},{"start":{"line":77,"column":52},"end":{"line":77,"column":null}}],"line":77},"1":{"loc":{"start":{"line":88,"column":20},"end":{"line":88,"column":null}},"type":"cond-expr","locations":[{"start":{"line":88,"column":40},"end":{"line":88,"column":44}},{"start":{"line":88,"column":44},"end":{"line":88,"column":null}}],"line":88},"2":{"loc":{"start":{"line":127,"column":36},"end":{"line":127,"column":77}},"type":"binary-expr","locations":[{"start":{"line":127,"column":36},"end":{"line":127,"column":63}},{"start":{"line":127,"column":63},"end":{"line":127,"column":77}}],"line":127},"3":{"loc":{"start":{"line":128,"column":2},"end":{"line":132,"column":null}},"type":"if","locations":[{"start":{"line":128,"column":2},"end":{"line":132,"column":null}},{"start":{},"end":{}}],"line":128}},"s":{"0":14,"1":14,"2":14,"3":14,"4":14,"5":14,"6":98,"7":490,"8":98,"9":1274,"10":98,"11":182,"12":98,"13":98,"14":672,"15":98,"16":98,"17":98,"18":672,"19":1827,"20":98,"21":98,"22":98,"23":98,"24":14,"25":14,"26":14,"27":14,"28":672,"29":21696,"30":672,"31":96,"32":960,"33":96,"34":576,"35":1,"36":1,"37":7,"38":48,"39":1},"f":{"0":14,"1":490,"2":1274,"3":182,"4":98,"5":672,"6":1827,"7":98,"8":14,"9":14,"10":672,"11":21696,"12":960,"13":1},"b":{"0":[98,14],"1":[3,11],"2":[21696,2340],"3":[96,576]},"meta":{"lastBranch":4,"lastFunction":14,"lastStatement":40,"seen":{"f:40:16:40:35":0,"s:41:24:41:Infinity":0,"s:42:22:42:Infinity":1,"s:43:28:43:Infinity":2,"s:44:23:44:35":3,"s:46:2:67:Infinity":4,"s:46:17:46:20":5,"s:47:25:50:Infinity":6,"f:47:39:47:43":1,"s:47:52:50:6":7,"s:53:27:53:Infinity":8,"f:53:39:53:46":2,"s:53:51:53:64":9,"s:54:25:57:Infinity":10,"f:54:40:54:44":3,"s:54:53:57:6":11,"s:59:20:59:Infinity":12,"s:62:4:64:Infinity":13,"s:63:6:63:Infinity":14,"s:66:4:66:Infinity":15,"s:69:23:74:Infinity":16,"f:69:28:69:32":4,"s:70:29:72:Infinity":17,"f:70:39:70:47":5,"s:71:6:71:Infinity":18,"f:71:37:71:46":6,"s:71:46:71:52":19,"s:73:4:73:Infinity":20,"s:76:23:76:Infinity":21,"s:77:16:77:Infinity":22,"b:77:16:77:52:77:52:77:Infinity":0,"f:77:29:77:35":7,"s:77:40:77:47":23,"s:79:2:79:Infinity":24,"f:87:9:87:28":8,"s:88:20:88:Infinity":25,"b:88:40:88:44:88:44:88:Infinity":1,"s:89:2:95:Infinity":26,"f:102:9:102:86":9,"s:103:2:122:Infinity":27,"f:126:9:126:18":10,"s:127:18:127:Infinity":28,"f:127:24:127:31":11,"s:127:36:127:77":29,"b:127:36:127:63:127:63:127:77":2,"b:128:2:132:Infinity:undefined:undefined:undefined:undefined":3,"s:128:2:132:Infinity":30,"s:130:21:130:Infinity":31,"f:130:27:130:34":12,"s:130:39:130:62":32,"s:131:4:131:Infinity":33,"s:133:2:133:Infinity":34,"f:139:16:139:32":13,"s:140:17:140:29":35,"s:141:2:145:Infinity":36,"s:142:4:144:Infinity":37,"s:143:6:143:Infinity":38,"s:146:2:146:Infinity":39},"fnNames":{}}}
,"/home/darkmagic/bigschool/TFM/tfm-nutre-fit-dia/src/features/recipe-engine/store/index.ts": {"path":"/home/darkmagic/bigschool/TFM/tfm-nutre-fit-dia/src/features/recipe-engine/store/index.ts","statementMap":{},"fnMap":{},"branchMap":{},"s":{},"f":{},"b":{},"meta":{"lastBranch":0,"lastFunction":0,"lastStatement":0,"seen":{},"fnNames":{}}}
,"/home/darkmagic/bigschool/TFM/tfm-nutre-fit-dia/src/features/recipe-engine/store/planStore.ts": {"path":"/home/darkmagic/bigschool/TFM/tfm-nutre-fit-dia/src/features/recipe-engine/store/planStore.ts","statementMap":{"0":{"start":{"line":14,"column":28},"end":{"line":21,"column":null}},"1":{"start":{"line":14,"column":54},"end":{"line":21,"column":2}},"2":{"start":{"line":18,"column":34},"end":{"line":18,"column":null}},"3":{"start":{"line":19,"column":4},"end":{"line":19,"column":null}}},"fnMap":{"0":{"name":"(anonymous_0)","decl":{"start":{"line":14,"column":28},"end":{"line":14,"column":46}},"loc":{"start":{"line":14,"column":54},"end":{"line":21,"column":2}},"line":14},"1":{"name":"(anonymous_1)","decl":{"start":{"line":17,"column":2},"end":{"line":17,"column":22}},"loc":{"start":{"line":17,"column":22},"end":{"line":20,"column":null}},"line":17}},"branchMap":{},"s":{"0":2,"1":2,"2":6,"3":6},"f":{"0":2,"1":6},"b":{},"meta":{"lastBranch":0,"lastFunction":2,"lastStatement":4,"seen":{"s:14:28:21:Infinity":0,"f:14:28:14:46":0,"s:14:54:21:2":1,"f:17:2:17:22":1,"s:18:34:18:Infinity":2,"s:19:4:19:Infinity":3},"fnNames":{}}}
,"/home/darkmagic/bigschool/TFM/tfm-nutre-fit-dia/src/shared/errors.ts": {"path":"/home/darkmagic/bigschool/TFM/tfm-nutre-fit-dia/src/shared/errors.ts","statementMap":{"0":{"start":{"line":7,"column":4},"end":{"line":7,"column":null}},"1":{"start":{"line":8,"column":4},"end":{"line":8,"column":null}},"2":{"start":{"line":9,"column":4},"end":{"line":9,"column":null}},"3":{"start":{"line":10,"column":4},"end":{"line":10,"column":null}},"4":{"start":{"line":17,"column":4},"end":{"line":17,"column":null}},"5":{"start":{"line":18,"column":4},"end":{"line":18,"column":null}},"6":{"start":{"line":25,"column":4},"end":{"line":25,"column":null}},"7":{"start":{"line":26,"column":4},"end":{"line":26,"column":null}}},"fnMap":{"0":{"name":"constructor","decl":{"start":{"line":6,"column":2},"end":{"line":6,"column":14}},"loc":{"start":{"line":6,"column":64},"end":{"line":11,"column":null}},"line":6},"1":{"name":"constructor_2","decl":{"start":{"line":16,"column":2},"end":{"line":16,"column":14}},"loc":{"start":{"line":16,"column":50},"end":{"line":19,"column":null}},"line":16},"2":{"name":"constructor_3","decl":{"start":{"line":24,"column":2},"end":{"line":24,"column":14}},"loc":{"start":{"line":24,"column":50},"end":{"line":27,"column":null}},"line":24}},"branchMap":{},"s":{"0":22,"1":22,"2":22,"3":22,"4":18,"5":18,"6":2,"7":2},"f":{"0":22,"1":18,"2":2},"b":{},"meta":{"lastBranch":0,"lastFunction":3,"lastStatement":8,"seen":{"f:6:2:6:14":0,"s:7:4:7:Infinity":0,"s:8:4:8:Infinity":1,"s:9:4:9:Infinity":2,"s:10:4:10:Infinity":3,"f:16:2:16:14":1,"s:17:4:17:Infinity":4,"s:18:4:18:Infinity":5,"f:24:2:24:14":2,"s:25:4:25:Infinity":6,"s:26:4:26:Infinity":7},"fnNames":{}}}
,"/home/darkmagic/bigschool/TFM/tfm-nutre-fit-dia/src/shared/data/foods.ts": {"path":"/home/darkmagic/bigschool/TFM/tfm-nutre-fit-dia/src/shared/data/foods.ts","statementMap":{"0":{"start":{"line":10,"column":21},"end":{"line":501,"column":null}},"1":{"start":{"line":504,"column":25},"end":{"line":504,"column":null}},"2":{"start":{"line":504,"column":48},"end":{"line":504,"column":57}}},"fnMap":{"0":{"name":"(anonymous_0)","decl":{"start":{"line":504,"column":39},"end":{"line":504,"column":43}},"loc":{"start":{"line":504,"column":48},"end":{"line":504,"column":57}},"line":504}},"branchMap":{},"s":{"0":4,"1":4,"2":144},"f":{"0":144},"b":{},"meta":{"lastBranch":0,"lastFunction":1,"lastStatement":3,"seen":{"s:10:21:501:Infinity":0,"s:504:25:504:Infinity":1,"f:504:39:504:43":0,"s:504:48:504:57":2},"fnNames":{}}}
,"/home/darkmagic/bigschool/TFM/tfm-nutre-fit-dia/src/shared/domain/food.ts": {"path":"/home/darkmagic/bigschool/TFM/tfm-nutre-fit-dia/src/shared/domain/food.ts","statementMap":{"0":{"start":{"line":4,"column":26},"end":{"line":34,"column":null}},"1":{"start":{"line":40,"column":2},"end":{"line":40,"column":null}}},"fnMap":{"0":{"name":"food","decl":{"start":{"line":39,"column":16},"end":{"line":39,"column":21}},"loc":{"start":{"line":39,"column":62},"end":{"line":41,"column":null}},"line":39}},"branchMap":{},"s":{"0":8,"1":144},"f":{"0":144},"b":{},"meta":{"lastBranch":0,"lastFunction":1,"lastStatement":2,"seen":{"s:4:26:34:Infinity":0,"f:39:16:39:21":0,"s:40:2:40:Infinity":1},"fnNames":{}}}
,"/home/darkmagic/bigschool/TFM/tfm-nutre-fit-dia/src/shared/domain/foodCategory.ts": {"path":"/home/darkmagic/bigschool/TFM/tfm-nutre-fit-dia/src/shared/domain/foodCategory.ts","statementMap":{"0":{"start":{"line":7,"column":28},"end":{"line":18,"column":null}},"1":{"start":{"line":22,"column":34},"end":{"line":33,"column":null}},"2":{"start":{"line":36,"column":62},"end":{"line":47,"column":null}},"3":{"start":{"line":50,"column":57},"end":{"line":55,"column":null}}},"fnMap":{},"branchMap":{},"s":{"0":8,"1":8,"2":8,"3":8},"f":{},"b":{},"meta":{"lastBranch":0,"lastFunction":0,"lastStatement":4,"seen":{"s:7:28:18:Infinity":0,"s:22:34:33:Infinity":1,"s:36:62:47:Infinity":2,"s:50:57:55:Infinity":3},"fnNames":{}}}
,"/home/darkmagic/bigschool/TFM/tfm-nutre-fit-dia/src/shared/domain/index.ts": {"path":"/home/darkmagic/bigschool/TFM/tfm-nutre-fit-dia/src/shared/domain/index.ts","statementMap":{},"fnMap":{},"branchMap":{},"s":{},"f":{},"b":{},"meta":{"lastBranch":0,"lastFunction":0,"lastStatement":0,"seen":{},"fnNames":{}}}
,"/home/darkmagic/bigschool/TFM/tfm-nutre-fit-dia/src/shared/domain/notification.ts": {"path":"/home/darkmagic/bigschool/TFM/tfm-nutre-fit-dia/src/shared/domain/notification.ts","statementMap":{"0":{"start":{"line":3,"column":32},"end":{"line":7,"column":null}},"1":{"start":{"line":11,"column":36},"end":{"line":15,"column":null}}},"fnMap":{},"branchMap":{},"s":{"0":8,"1":8},"f":{},"b":{},"meta":{"lastBranch":0,"lastFunction":0,"lastStatement":2,"seen":{"s:3:32:7:Infinity":0,"s:11:36:15:Infinity":1},"fnNames":{}}}
,"/home/darkmagic/bigschool/TFM/tfm-nutre-fit-dia/src/shared/domain/trafficLight.ts": {"path":"/home/darkmagic/bigschool/TFM/tfm-nutre-fit-dia/src/shared/domain/trafficLight.ts","statementMap":{"0":{"start":{"line":3,"column":33},"end":{"line":7,"column":null}},"1":{"start":{"line":11,"column":39},"end":{"line":11,"column":null}}},"fnMap":{},"branchMap":{},"s":{"0":8,"1":8},"f":{},"b":{},"meta":{"lastBranch":0,"lastFunction":0,"lastStatement":2,"seen":{"s:3:33:7:Infinity":0,"s:11:39:11:Infinity":1},"fnNames":{}}}
,"/home/darkmagic/bigschool/TFM/tfm-nutre-fit-dia/src/shared/services/rationValidator.ts": {"path":"/home/darkmagic/bigschool/TFM/tfm-nutre-fit-dia/src/shared/services/rationValidator.ts","statementMap":{"0":{"start":{"line":20,"column":68},"end":{"line":51,"column":null}},"1":{"start":{"line":82,"column":2},"end":{"line":93,"column":null}},"2":{"start":{"line":98,"column":17},"end":{"line":98,"column":null}},"3":{"start":{"line":99,"column":2},"end":{"line":101,"column":null}},"4":{"start":{"line":100,"column":4},"end":{"line":100,"column":null}},"5":{"start":{"line":102,"column":2},"end":{"line":102,"column":null}},"6":{"start":{"line":110,"column":40},"end":{"line":110,"column":null}},"7":{"start":{"line":112,"column":2},"end":{"line":146,"column":null}},"8":{"start":{"line":113,"column":20},"end":{"line":113,"column":null}},"9":{"start":{"line":116,"column":4},"end":{"line":116,"column":null}},"10":{"start":{"line":116,"column":30},"end":{"line":116,"column":null}},"11":{"start":{"line":119,"column":23},"end":{"line":119,"column":null}},"12":{"start":{"line":120,"column":4},"end":{"line":122,"column":null}},"13":{"start":{"line":121,"column":6},"end":{"line":121,"column":null}},"14":{"start":{"line":124,"column":4},"end":{"line":133,"column":null}},"15":{"start":{"line":125,"column":6},"end":{"line":132,"column":null}},"16":{"start":{"line":136,"column":4},"end":{"line":145,"column":null}},"17":{"start":{"line":137,"column":6},"end":{"line":144,"column":null}},"18":{"start":{"line":148,"column":29},"end":{"line":151,"column":null}},"19":{"start":{"line":149,"column":18},"end":{"line":149,"column":null}},"20":{"start":{"line":153,"column":2},"end":{"line":153,"column":null}},"21":{"start":{"line":158,"column":40},"end":{"line":158,"column":null}},"22":{"start":{"line":159,"column":47},"end":{"line":164,"column":null}},"23":{"start":{"line":166,"column":2},"end":{"line":191,"column":null}},"24":{"start":{"line":167,"column":18},"end":{"line":167,"column":null}},"25":{"start":{"line":168,"column":20},"end":{"line":168,"column":null}},"26":{"start":{"line":170,"column":4},"end":{"line":179,"column":null}},"27":{"start":{"line":171,"column":6},"end":{"line":178,"column":null}},"28":{"start":{"line":181,"column":4},"end":{"line":190,"column":null}},"29":{"start":{"line":182,"column":6},"end":{"line":189,"column":null}},"30":{"start":{"line":194,"column":18},"end":{"line":194,"column":null}},"31":{"start":{"line":195,"column":2},"end":{"line":204,"column":null}},"32":{"start":{"line":196,"column":4},"end":{"line":203,"column":null}},"33":{"start":{"line":206,"column":29},"end":{"line":209,"column":null}},"34":{"start":{"line":207,"column":18},"end":{"line":207,"column":null}},"35":{"start":{"line":211,"column":2},"end":{"line":211,"column":null}}},"fnMap":{"0":{"name":"emptyCounts","decl":{"start":{"line":81,"column":16},"end":{"line":81,"column":47}},"loc":{"start":{"line":81,"column":47},"end":{"line":94,"column":null}},"line":81},"1":{"name":"countRations","decl":{"start":{"line":97,"column":16},"end":{"line":97,"column":29}},"loc":{"start":{"line":97,"column":63},"end":{"line":103,"column":null}},"line":97},"2":{"name":"validateRations","decl":{"start":{"line":106,"column":16},"end":{"line":106,"column":null}},"loc":{"start":{"line":109,"column":20},"end":{"line":154,"column":null}},"line":109},"3":{"name":"(anonymous_3)","decl":{"start":{"line":148,"column":55},"end":{"line":148,"column":null}},"loc":{"start":{"line":149,"column":18},"end":{"line":149,"column":null}},"line":149},"4":{"name":"validateWeeklyRations","decl":{"start":{"line":157,"column":16},"end":{"line":157,"column":38}},"loc":{"start":{"line":157,"column":81},"end":{"line":212,"column":null}},"line":157},"5":{"name":"(anonymous_5)","decl":{"start":{"line":206,"column":55},"end":{"line":206,"column":null}},"loc":{"start":{"line":207,"column":18},"end":{"line":207,"column":null}},"line":207}},"branchMap":{"0":{"loc":{"start":{"line":116,"column":4},"end":{"line":116,"column":null}},"type":"if","locations":[{"start":{"line":116,"column":4},"end":{"line":116,"column":null}},{"start":{},"end":{}}],"line":116},"1":{"loc":{"start":{"line":120,"column":4},"end":{"line":122,"column":null}},"type":"if","locations":[{"start":{"line":120,"column":4},"end":{"line":122,"column":null}},{"start":{},"end":{}}],"line":120},"2":{"loc":{"start":{"line":120,"column":8},"end":{"line":120,"column":61}},"type":"binary-expr","locations":[{"start":{"line":120,"column":8},"end":{"line":120,"column":42}},{"start":{"line":120,"column":42},"end":{"line":120,"column":61}}],"line":120},"3":{"loc":{"start":{"line":124,"column":4},"end":{"line":133,"column":null}},"type":"if","locations":[{"start":{"line":124,"column":4},"end":{"line":133,"column":null}},{"start":{},"end":{}}],"line":124},"4":{"loc":{"start":{"line":124,"column":8},"end":{"line":124,"column":62}},"type":"binary-expr","locations":[{"start":{"line":124,"column":8},"end":{"line":124,"column":38}},{"start":{"line":124,"column":38},"end":{"line":124,"column":62}}],"line":124},"5":{"loc":{"start":{"line":136,"column":4},"end":{"line":145,"column":null}},"type":"if","locations":[{"start":{"line":136,"column":4},"end":{"line":145,"column":null}},{"start":{},"end":{}}],"line":136},"6":{"loc":{"start":{"line":136,"column":8},"end":{"line":136,"column":56}},"type":"binary-expr","locations":[{"start":{"line":136,"column":8},"end":{"line":136,"column":35}},{"start":{"line":136,"column":35},"end":{"line":136,"column":56}}],"line":136},"7":{"loc":{"start":{"line":170,"column":4},"end":{"line":179,"column":null}},"type":"if","locations":[{"start":{"line":170,"column":4},"end":{"line":179,"column":null}},{"start":{},"end":{}}],"line":170},"8":{"loc":{"start":{"line":170,"column":8},"end":{"line":170,"column":56}},"type":"binary-expr","locations":[{"start":{"line":170,"column":8},"end":{"line":170,"column":35}},{"start":{"line":170,"column":35},"end":{"line":170,"column":56}}],"line":170},"9":{"loc":{"start":{"line":181,"column":4},"end":{"line":190,"column":null}},"type":"if","locations":[{"start":{"line":181,"column":4},"end":{"line":190,"column":null}},{"start":{},"end":{}}],"line":181},"10":{"loc":{"start":{"line":181,"column":8},"end":{"line":181,"column":56}},"type":"binary-expr","locations":[{"start":{"line":181,"column":8},"end":{"line":181,"column":35}},{"start":{"line":181,"column":35},"end":{"line":181,"column":56}}],"line":181},"11":{"loc":{"start":{"line":195,"column":2},"end":{"line":204,"column":null}},"type":"if","locations":[{"start":{"line":195,"column":2},"end":{"line":204,"column":null}},{"start":{},"end":{}}],"line":195},"12":{"loc":{"start":{"line":195,"column":6},"end":{"line":195,"column":107}},"type":"binary-expr","locations":[{"start":{"line":195,"column":6},"end":{"line":195,"column":45}},{"start":{"line":195,"column":45},"end":{"line":195,"column":70}},{"start":{"line":195,"column":70},"end":{"line":195,"column":107}}],"line":195}},"s":{"0":6,"1":146,"2":114,"3":114,"4":1875,"5":114,"6":124,"7":124,"8":1240,"9":1240,"10":496,"11":744,"12":744,"13":28,"14":744,"15":6,"16":744,"17":95,"18":124,"19":496,"20":124,"21":20,"22":20,"23":20,"24":80,"25":80,"26":80,"27":4,"28":80,"29":3,"30":20,"31":20,"32":1,"33":20,"34":80,"35":20},"f":{"0":146,"1":114,"2":124,"3":496,"4":20,"5":80},"b":{"0":[496,744],"1":[28,716],"2":[744,124],"3":[6,738],"4":[744,620],"5":[95,649],"6":[744,620],"7":[4,76],"8":[80,40],"9":[3,77],"10":[80,60],"11":[1,19],"12":[20,17,17]},"meta":{"lastBranch":13,"lastFunction":6,"lastStatement":36,"seen":{"s:20:68:51:Infinity":0,"f:81:16:81:47":0,"s:82:2:93:Infinity":1,"f:97:16:97:29":1,"s:98:17:98:Infinity":2,"s:99:2:101:Infinity":3,"s:100:4:100:Infinity":4,"s:102:2:102:Infinity":5,"f:106:16:106:Infinity":2,"s:110:40:110:Infinity":6,"s:112:2:146:Infinity":7,"s:113:20:113:Infinity":8,"b:116:4:116:Infinity:undefined:undefined:undefined:undefined":0,"s:116:4:116:Infinity":9,"s:116:30:116:Infinity":10,"s:119:23:119:Infinity":11,"b:120:4:122:Infinity:undefined:undefined:undefined:undefined":1,"s:120:4:122:Infinity":12,"b:120:8:120:42:120:42:120:61":2,"s:121:6:121:Infinity":13,"b:124:4:133:Infinity:undefined:undefined:undefined:undefined":3,"s:124:4:133:Infinity":14,"b:124:8:124:38:124:38:124:62":4,"s:125:6:132:Infinity":15,"b:136:4:145:Infinity:undefined:undefined:undefined:undefined":5,"s:136:4:145:Infinity":16,"b:136:8:136:35:136:35:136:56":6,"s:137:6:144:Infinity":17,"s:148:29:151:Infinity":18,"f:148:55:148:Infinity":3,"s:149:18:149:Infinity":19,"s:153:2:153:Infinity":20,"f:157:16:157:38":4,"s:158:40:158:Infinity":21,"s:159:47:164:Infinity":22,"s:166:2:191:Infinity":23,"s:167:18:167:Infinity":24,"s:168:20:168:Infinity":25,"b:170:4:179:Infinity:undefined:undefined:undefined:undefined":7,"s:170:4:179:Infinity":26,"b:170:8:170:35:170:35:170:56":8,"s:171:6:178:Infinity":27,"b:181:4:190:Infinity:undefined:undefined:undefined:undefined":9,"s:181:4:190:Infinity":28,"b:181:8:181:35:181:35:181:56":10,"s:182:6:189:Infinity":29,"s:194:18:194:Infinity":30,"b:195:2:204:Infinity:undefined:undefined:undefined:undefined":11,"s:195:2:204:Infinity":31,"b:195:6:195:45:195:45:195:70:195:70:195:107":12,"s:196:4:203:Infinity":32,"s:206:29:209:Infinity":33,"f:206:55:206:Infinity":5,"s:207:18:207:Infinity":34,"s:211:2:211:Infinity":35},"fnNames":{}}}
,"/home/darkmagic/bigschool/TFM/tfm-nutre-fit-dia/src/shared/ui/Card.tsx": {"path":"/home/darkmagic/bigschool/TFM/tfm-nutre-fit-dia/src/shared/ui/Card.tsx","statementMap":{"0":{"start":{"line":10,"column":2},"end":{"line":27,"column":null}}},"fnMap":{"0":{"name":"Card","decl":{"start":{"line":9,"column":16},"end":{"line":9,"column":21}},"loc":{"start":{"line":9,"column":66},"end":{"line":29,"column":null}},"line":9}},"branchMap":{"0":{"loc":{"start":{"line":22,"column":9},"end":{"line":25,"column":null}},"type":"binary-expr","locations":[{"start":{"line":22,"column":9},"end":{"line":22,"column":null}},{"start":{"line":23,"column":10},"end":{"line":25,"column":null}}],"line":22}},"s":{"0":51},"f":{"0":51},"b":{"0":[51,49]},"meta":{"lastBranch":1,"lastFunction":1,"lastStatement":1,"seen":{"f:9:16:9:21":0,"s:10:2:27:Infinity":0,"b:22:9:22:Infinity:23:10:25:Infinity":0},"fnNames":{}}}
,"/home/darkmagic/bigschool/TFM/tfm-nutre-fit-dia/src/shared/ui/NumberField.tsx": {"path":"/home/darkmagic/bigschool/TFM/tfm-nutre-fit-dia/src/shared/ui/NumberField.tsx","statementMap":{"0":{"start":{"line":11,"column":2},"end":{"line":27,"column":null}},"1":{"start":{"line":20,"column":23},"end":{"line":20,"column":null}}},"fnMap":{"0":{"name":"NumberField","decl":{"start":{"line":10,"column":16},"end":{"line":10,"column":28}},"loc":{"start":{"line":10,"column":89},"end":{"line":29,"column":null}},"line":10},"1":{"name":"(anonymous_1)","decl":{"start":{"line":20,"column":8},"end":{"line":20,"column":18}},"loc":{"start":{"line":20,"column":23},"end":{"line":20,"column":null}},"line":20}},"branchMap":{},"s":{"0":33,"1":3},"f":{"0":33,"1":3},"b":{},"meta":{"lastBranch":0,"lastFunction":2,"lastStatement":2,"seen":{"f:10:16:10:28":0,"s:11:2:27:Infinity":0,"f:20:8:20:18":1,"s:20:23:20:Infinity":1},"fnNames":{}}}
,"/home/darkmagic/bigschool/TFM/tfm-nutre-fit-dia/src/shared/ui/PrimaryButton.tsx": {"path":"/home/darkmagic/bigschool/TFM/tfm-nutre-fit-dia/src/shared/ui/PrimaryButton.tsx","statementMap":{"0":{"start":{"line":8,"column":2},"end":{"line":15,"column":null}}},"fnMap":{"0":{"name":"PrimaryButton","decl":{"start":{"line":7,"column":16},"end":{"line":7,"column":30}},"loc":{"start":{"line":7,"column":84},"end":{"line":17,"column":null}},"line":7}},"branchMap":{},"s":{"0":45},"f":{"0":45},"b":{},"meta":{"lastBranch":0,"lastFunction":1,"lastStatement":1,"seen":{"f:7:16:7:30":0,"s:8:2:15:Infinity":0},"fnNames":{}}}
,"/home/darkmagic/bigschool/TFM/tfm-nutre-fit-dia/src/shared/ui/SelectField.tsx": {"path":"/home/darkmagic/bigschool/TFM/tfm-nutre-fit-dia/src/shared/ui/SelectField.tsx","statementMap":{"0":{"start":{"line":11,"column":2},"end":{"line":28,"column":null}},"1":{"start":{"line":19,"column":23},"end":{"line":19,"column":null}},"2":{"start":{"line":25,"column":10},"end":{"line":25,"column":null}}},"fnMap":{"0":{"name":"SelectField","decl":{"start":{"line":10,"column":16},"end":{"line":10,"column":28}},"loc":{"start":{"line":10,"column":100},"end":{"line":30,"column":null}},"line":10},"1":{"name":"(anonymous_1)","decl":{"start":{"line":19,"column":8},"end":{"line":19,"column":18}},"loc":{"start":{"line":19,"column":23},"end":{"line":19,"column":null}},"line":19},"2":{"name":"(anonymous_2)","decl":{"start":{"line":24,"column":17},"end":{"line":24,"column":21}},"loc":{"start":{"line":25,"column":10},"end":{"line":25,"column":null}},"line":25}},"branchMap":{"0":{"loc":{"start":{"line":23,"column":9},"end":{"line":24,"column":17}},"type":"binary-expr","locations":[{"start":{"line":23,"column":9},"end":{"line":23,"column":24}},{"start":{"line":23,"column":24},"end":{"line":24,"column":17}}],"line":23}},"s":{"0":46,"1":5,"2":904},"f":{"0":46,"1":5,"2":904},"b":{"0":[46,24]},"meta":{"lastBranch":1,"lastFunction":3,"lastStatement":3,"seen":{"f:10:16:10:28":0,"s:11:2:28:Infinity":0,"f:19:8:19:18":1,"s:19:23:19:Infinity":1,"b:23:9:23:24:23:24:24:17":0,"f:24:17:24:21":2,"s:25:10:25:Infinity":2},"fnNames":{}}}
,"/home/darkmagic/bigschool/TFM/tfm-nutre-fit-dia/src/shared/ui/StatCard.tsx": {"path":"/home/darkmagic/bigschool/TFM/tfm-nutre-fit-dia/src/shared/ui/StatCard.tsx","statementMap":{"0":{"start":{"line":9,"column":13},"end":{"line":9,"column":null}},"1":{"start":{"line":10,"column":20},"end":{"line":10,"column":null}},"2":{"start":{"line":12,"column":2},"end":{"line":17,"column":null}}},"fnMap":{"0":{"name":"StatCard","decl":{"start":{"line":8,"column":16},"end":{"line":8,"column":25}},"loc":{"start":{"line":8,"column":84},"end":{"line":19,"column":null}},"line":8}},"branchMap":{"0":{"loc":{"start":{"line":8,"column":46},"end":{"line":8,"column":84}},"type":"default-arg","locations":[{"start":{"line":8,"column":56},"end":{"line":8,"column":84}}],"line":8},"1":{"loc":{"start":{"line":9,"column":13},"end":{"line":9,"column":null}},"type":"cond-expr","locations":[{"start":{"line":9,"column":36},"end":{"line":9,"column":50}},{"start":{"line":9,"column":50},"end":{"line":9,"column":null}}],"line":9},"2":{"loc":{"start":{"line":9,"column":50},"end":{"line":9,"column":null}},"type":"cond-expr","locations":[{"start":{"line":9,"column":74},"end":{"line":9,"column":92}},{"start":{"line":9,"column":92},"end":{"line":9,"column":null}}],"line":9},"3":{"loc":{"start":{"line":10,"column":20},"end":{"line":10,"column":null}},"type":"cond-expr","locations":[{"start":{"line":10,"column":43},"end":{"line":10,"column":60}},{"start":{"line":10,"column":60},"end":{"line":10,"column":null}}],"line":10},"4":{"loc":{"start":{"line":10,"column":60},"end":{"line":10,"column":null}},"type":"cond-expr","locations":[{"start":{"line":10,"column":84},"end":{"line":10,"column":105}},{"start":{"line":10,"column":105},"end":{"line":10,"column":null}}],"line":10},"5":{"loc":{"start":{"line":16,"column":7},"end":{"line":16,"column":null}},"type":"binary-expr","locations":[{"start":{"line":16,"column":7},"end":{"line":16,"column":14}},{"start":{"line":16,"column":14},"end":{"line":16,"column":null}}],"line":16}},"s":{"0":42,"1":42,"2":42},"f":{"0":42},"b":{"0":[42],"1":[9,33],"2":[11,22],"3":[9,33],"4":[11,22],"5":[42,10]},"meta":{"lastBranch":6,"lastFunction":1,"lastStatement":3,"seen":{"f:8:16:8:25":0,"b:8:56:8:84":0,"s:9:13:9:Infinity":0,"b:9:36:9:50:9:50:9:Infinity":1,"b:9:74:9:92:9:92:9:Infinity":2,"s:10:20:10:Infinity":1,"b:10:43:10:60:10:60:10:Infinity":3,"b:10:84:10:105:10:105:10:Infinity":4,"s:12:2:17:Infinity":2,"b:16:7:16:14:16:14:16:Infinity":5},"fnNames":{}}}
,"/home/darkmagic/bigschool/TFM/tfm-nutre-fit-dia/src/shared/ui/TabButton.tsx": {"path":"/home/darkmagic/bigschool/TFM/tfm-nutre-fit-dia/src/shared/ui/TabButton.tsx","statementMap":{"0":{"start":{"line":9,"column":2},"end":{"line":21,"column":null}}},"fnMap":{"0":{"name":"TabButton","decl":{"start":{"line":8,"column":16},"end":{"line":8,"column":26}},"loc":{"start":{"line":8,"column":74},"end":{"line":23,"column":null}},"line":8}},"branchMap":{"0":{"loc":{"start":{"line":15,"column":8},"end":{"line":17,"column":null}},"type":"cond-expr","locations":[{"start":{"line":16,"column":12},"end":{"line":16,"column":null}},{"start":{"line":17,"column":12},"end":{"line":17,"column":null}}],"line":15}},"s":{"0":116},"f":{"0":116},"b":{"0":[29,87]},"meta":{"lastBranch":1,"lastFunction":1,"lastStatement":1,"seen":{"f:8:16:8:26":0,"s:9:2:21:Infinity":0,"b:16:12:16:Infinity:17:12:17:Infinity":0},"fnNames":{}}}
,"/home/darkmagic/bigschool/TFM/tfm-nutre-fit-dia/src/shared/ui/ViolationList.tsx": {"path":"/home/darkmagic/bigschool/TFM/tfm-nutre-fit-dia/src/shared/ui/ViolationList.tsx","statementMap":{"0":{"start":{"line":7,"column":2},"end":{"line":7,"column":null}},"1":{"start":{"line":7,"column":31},"end":{"line":7,"column":null}},"2":{"start":{"line":9,"column":17},"end":{"line":11,"column":null}},"3":{"start":{"line":13,"column":2},"end":{"line":27,"column":null}},"4":{"start":{"line":24,"column":10},"end":{"line":24,"column":null}}},"fnMap":{"0":{"name":"ViolationList","decl":{"start":{"line":6,"column":16},"end":{"line":6,"column":30}},"loc":{"start":{"line":6,"column":82},"end":{"line":29,"column":null}},"line":6},"1":{"name":"(anonymous_1)","decl":{"start":{"line":23,"column":20},"end":{"line":23,"column":25}},"loc":{"start":{"line":24,"column":10},"end":{"line":24,"column":null}},"line":24}},"branchMap":{"0":{"loc":{"start":{"line":6,"column":44},"end":{"line":6,"column":82}},"type":"default-arg","locations":[{"start":{"line":6,"column":51},"end":{"line":6,"column":82}}],"line":6},"1":{"loc":{"start":{"line":7,"column":2},"end":{"line":7,"column":null}},"type":"if","locations":[{"start":{"line":7,"column":2},"end":{"line":7,"column":null}},{"start":{},"end":{}}],"line":7},"2":{"loc":{"start":{"line":9,"column":17},"end":{"line":11,"column":null}},"type":"cond-expr","locations":[{"start":{"line":10,"column":6},"end":{"line":10,"column":null}},{"start":{"line":11,"column":6},"end":{"line":11,"column":null}}],"line":9},"3":{"loc":{"start":{"line":20,"column":9},"end":{"line":20,"column":null}},"type":"cond-expr","locations":[{"start":{"line":20,"column":28},"end":{"line":20,"column":59}},{"start":{"line":20,"column":59},"end":{"line":20,"column":null}}],"line":20}},"s":{"0":10,"1":1,"2":9,"3":10,"4":26},"f":{"0":10,"1":26},"b":{"0":[10],"1":[1,9],"2":[8,1],"3":[8,1]},"meta":{"lastBranch":4,"lastFunction":2,"lastStatement":5,"seen":{"f:6:16:6:30":0,"b:6:51:6:82":0,"b:7:2:7:Infinity:undefined:undefined:undefined:undefined":1,"s:7:2:7:Infinity":0,"s:7:31:7:Infinity":1,"s:9:17:11:Infinity":2,"b:10:6:10:Infinity:11:6:11:Infinity":2,"s:13:2:27:Infinity":3,"b:20:28:20:59:20:59:20:Infinity":3,"f:23:20:23:25":1,"s:24:10:24:Infinity":4},"fnNames":{}}}
,"/home/darkmagic/bigschool/TFM/tfm-nutre-fit-dia/src/shared/ui/index.ts": {"path":"/home/darkmagic/bigschool/TFM/tfm-nutre-fit-dia/src/shared/ui/index.ts","statementMap":{},"fnMap":{},"branchMap":{},"s":{},"f":{},"b":{},"meta":{"lastBranch":0,"lastFunction":0,"lastStatement":0,"seen":{},"fnNames":{}}}
,"/home/darkmagic/bigschool/TFM/tfm-nutre-fit-dia/src/shared/utils/imc.ts": {"path":"/home/darkmagic/bigschool/TFM/tfm-nutre-fit-dia/src/shared/utils/imc.ts","statementMap":{"0":{"start":{"line":6,"column":2},"end":{"line":6,"column":null}},"1":{"start":{"line":10,"column":2},"end":{"line":10,"column":null}},"2":{"start":{"line":10,"column":18},"end":{"line":10,"column":null}},"3":{"start":{"line":11,"column":2},"end":{"line":11,"column":null}},"4":{"start":{"line":11,"column":16},"end":{"line":11,"column":null}},"5":{"start":{"line":12,"column":2},"end":{"line":12,"column":null}},"6":{"start":{"line":12,"column":16},"end":{"line":12,"column":null}},"7":{"start":{"line":13,"column":2},"end":{"line":13,"column":null}},"8":{"start":{"line":17,"column":2},"end":{"line":17,"column":null}}},"fnMap":{"0":{"name":"computeIMC","decl":{"start":{"line":5,"column":16},"end":{"line":5,"column":27}},"loc":{"start":{"line":5,"column":71},"end":{"line":7,"column":null}},"line":5},"1":{"name":"imcClassification","decl":{"start":{"line":9,"column":16},"end":{"line":9,"column":34}},"loc":{"start":{"line":9,"column":98},"end":{"line":14,"column":null}},"line":9},"2":{"name":"isRestrictionCandidate","decl":{"start":{"line":16,"column":16},"end":{"line":16,"column":39}},"loc":{"start":{"line":16,"column":61},"end":{"line":18,"column":null}},"line":16}},"branchMap":{"0":{"loc":{"start":{"line":10,"column":2},"end":{"line":10,"column":null}},"type":"if","locations":[{"start":{"line":10,"column":2},"end":{"line":10,"column":null}},{"start":{},"end":{}}],"line":10},"1":{"loc":{"start":{"line":11,"column":2},"end":{"line":11,"column":null}},"type":"if","locations":[{"start":{"line":11,"column":2},"end":{"line":11,"column":null}},{"start":{},"end":{}}],"line":11},"2":{"loc":{"start":{"line":12,"column":2},"end":{"line":12,"column":null}},"type":"if","locations":[{"start":{"line":12,"column":2},"end":{"line":12,"column":null}},{"start":{},"end":{}}],"line":12}},"s":{"0":10,"1":4,"2":1,"3":3,"4":1,"5":2,"6":1,"7":1,"8":3},"f":{"0":10,"1":4,"2":3},"b":{"0":[1,3],"1":[1,2],"2":[1,1]},"meta":{"lastBranch":3,"lastFunction":3,"lastStatement":9,"seen":{"f:5:16:5:27":0,"s:6:2:6:Infinity":0,"f:9:16:9:34":1,"b:10:2:10:Infinity:undefined:undefined:undefined:undefined":0,"s:10:2:10:Infinity":1,"s:10:18:10:Infinity":2,"b:11:2:11:Infinity:undefined:undefined:undefined:undefined":1,"s:11:2:11:Infinity":3,"s:11:16:11:Infinity":4,"b:12:2:12:Infinity:undefined:undefined:undefined:undefined":2,"s:12:2:12:Infinity":5,"s:12:16:12:Infinity":6,"s:13:2:13:Infinity":7,"f:16:16:16:39":2,"s:17:2:17:Infinity":8},"fnNames":{}}}
,"/home/darkmagic/bigschool/TFM/tfm-nutre-fit-dia/src/shared/utils/index.ts": {"path":"/home/darkmagic/bigschool/TFM/tfm-nutre-fit-dia/src/shared/utils/index.ts","statementMap":{},"fnMap":{},"branchMap":{},"s":{},"f":{},"b":{},"meta":{"lastBranch":0,"lastFunction":0,"lastStatement":0,"seen":{},"fnNames":{}}}
,"/home/darkmagic/bigschool/TFM/tfm-nutre-fit-dia/src/shared/utils/sanitize.ts": {"path":"/home/darkmagic/bigschool/TFM/tfm-nutre-fit-dia/src/shared/utils/sanitize.ts","statementMap":{"0":{"start":{"line":3,"column":19},"end":{"line":3,"column":null}},"1":{"start":{"line":6,"column":18},"end":{"line":6,"column":null}},"2":{"start":{"line":8,"column":2},"end":{"line":14,"column":null}},"3":{"start":{"line":9,"column":16},"end":{"line":9,"column":null}},"4":{"start":{"line":10,"column":4},"end":{"line":12,"column":null}},"5":{"start":{"line":11,"column":6},"end":{"line":11,"column":null}},"6":{"start":{"line":13,"column":4},"end":{"line":13,"column":null}},"7":{"start":{"line":16,"column":14},"end":{"line":16,"column":null}},"8":{"start":{"line":17,"column":2},"end":{"line":19,"column":null}},"9":{"start":{"line":18,"column":4},"end":{"line":18,"column":null}},"10":{"start":{"line":21,"column":2},"end":{"line":21,"column":null}},"11":{"start":{"line":25,"column":2},"end":{"line":32,"column":null}},"12":{"start":{"line":26,"column":4},"end":{"line":26,"column":null}},"13":{"start":{"line":28,"column":20},"end":{"line":28,"column":null}},"14":{"start":{"line":29,"column":16},"end":{"line":29,"column":null}},"15":{"start":{"line":30,"column":4},"end":{"line":30,"column":null}},"16":{"start":{"line":30,"column":27},"end":{"line":30,"column":null}},"17":{"start":{"line":31,"column":4},"end":{"line":31,"column":null}}},"fnMap":{"0":{"name":"parseNumeric","decl":{"start":{"line":5,"column":16},"end":{"line":5,"column":29}},"loc":{"start":{"line":5,"column":74},"end":{"line":22,"column":null}},"line":5},"1":{"name":"sanitizeNumeric","decl":{"start":{"line":24,"column":16},"end":{"line":24,"column":32}},"loc":{"start":{"line":24,"column":77},"end":{"line":33,"column":null}},"line":24}},"branchMap":{"0":{"loc":{"start":{"line":5,"column":57},"end":{"line":5,"column":74}},"type":"default-arg","locations":[{"start":{"line":5,"column":63},"end":{"line":5,"column":74}}],"line":5},"1":{"loc":{"start":{"line":8,"column":2},"end":{"line":14,"column":null}},"type":"if","locations":[{"start":{"line":8,"column":2},"end":{"line":14,"column":null}},{"start":{},"end":{}}],"line":8},"2":{"loc":{"start":{"line":10,"column":4},"end":{"line":12,"column":null}},"type":"if","locations":[{"start":{"line":10,"column":4},"end":{"line":12,"column":null}},{"start":{},"end":{}}],"line":10},"3":{"loc":{"start":{"line":17,"column":2},"end":{"line":19,"column":null}},"type":"if","locations":[{"start":{"line":17,"column":2},"end":{"line":19,"column":null}},{"start":{},"end":{}}],"line":17},"4":{"loc":{"start":{"line":17,"column":6},"end":{"line":17,"column":30}},"type":"binary-expr","locations":[{"start":{"line":17,"column":6},"end":{"line":17,"column":19}},{"start":{"line":17,"column":19},"end":{"line":17,"column":30}}],"line":17},"5":{"loc":{"start":{"line":24,"column":60},"end":{"line":24,"column":77}},"type":"default-arg","locations":[{"start":{"line":24,"column":66},"end":{"line":24,"column":77}}],"line":24},"6":{"loc":{"start":{"line":30,"column":4},"end":{"line":30,"column":null}},"type":"if","locations":[{"start":{"line":30,"column":4},"end":{"line":30,"column":null}},{"start":{},"end":{}}],"line":30}},"s":{"0":5,"1":45,"2":45,"3":10,"4":10,"5":8,"6":2,"7":35,"8":35,"9":4,"10":31,"11":6,"12":6,"13":5,"14":5,"15":5,"16":2,"17":3},"f":{"0":45,"1":6},"b":{"0":[45],"1":[10,35],"2":[8,2],"3":[4,31],"4":[35,33],"5":[6],"6":[2,3]},"meta":{"lastBranch":7,"lastFunction":2,"lastStatement":18,"seen":{"s:3:19:3:Infinity":0,"f:5:16:5:29":0,"b:5:63:5:74":0,"s:6:18:6:Infinity":1,"b:8:2:14:Infinity:undefined:undefined:undefined:undefined":1,"s:8:2:14:Infinity":2,"s:9:16:9:Infinity":3,"b:10:4:12:Infinity:undefined:undefined:undefined:undefined":2,"s:10:4:12:Infinity":4,"s:11:6:11:Infinity":5,"s:13:4:13:Infinity":6,"s:16:14:16:Infinity":7,"b:17:2:19:Infinity:undefined:undefined:undefined:undefined":3,"s:17:2:19:Infinity":8,"b:17:6:17:19:17:19:17:30":4,"s:18:4:18:Infinity":9,"s:21:2:21:Infinity":10,"f:24:16:24:32":1,"b:24:66:24:77":5,"s:25:2:32:Infinity":11,"s:26:4:26:Infinity":12,"s:28:20:28:Infinity":13,"s:29:16:29:Infinity":14,"b:30:4:30:Infinity:undefined:undefined:undefined:undefined":6,"s:30:4:30:Infinity":15,"s:30:27:30:Infinity":16,"s:31:4:31:Infinity":17},"fnNames":{}}}
}
